Determining if files ;sys/file.h exist failed with the following output:
Change Dir: C:/Users/13973/Desktop/NuGrid/NuGrid/library/install_files/hdf5-1.10.7/out/build/x64-Debug/CMakeFiles/CMakeTmp

Run Build Command(s):D:/Visual Studio/Common7/IDE/CommonExtensions/Microsoft/CMake/Ninja/ninja.exe cmTC_1955c && [1/2] Building C object CMakeFiles\cmTC_1955c.dir\H5_HAVE_SYS_FILE_H.c.obj
FAILED: CMakeFiles/cmTC_1955c.dir/H5_HAVE_SYS_FILE_H.c.obj 
D:\VISUAL~1\VC\Tools\MSVC\1430~1.305\bin\Hostx64\x64\cl.exe  /nologo   /DWIN32 /D_WINDOWS /W3 /DWIN32_LEAN_AND_MEAN=1 /DNOGDI=1 /MDd /Zi /Ob0 /Od /RTC1 /showIncludes /FoCMakeFiles\cmTC_1955c.dir\H5_HAVE_SYS_FILE_H.c.obj /FdCMakeFiles\cmTC_1955c.dir\ /FS -c C:\Users\13973\Desktop\NuGrid\NuGrid\library\install_files\hdf5-1.10.7\out\build\x64-Debug\CMakeFiles\CheckIncludeFiles\H5_HAVE_SYS_FILE_H.c
C:\Users\13973\Desktop\NuGrid\NuGrid\library\install_files\hdf5-1.10.7\out\build\x64-Debug\CMakeFiles\CheckIncludeFiles\H5_HAVE_SYS_FILE_H.c(2): fatal error C1083: 无法打开包括文件: “sys/file.h”: No such file or directory
ninja: build stopped: subcommand failed.


Source:
/* */
#include <sys/file.h>


int main(void){return 0;}

Determining if files ;sys/ioctl.h exist failed with the following output:
Change Dir: C:/Users/13973/Desktop/NuGrid/NuGrid/library/install_files/hdf5-1.10.7/out/build/x64-Debug/CMakeFiles/CMakeTmp

Run Build Command(s):D:/Visual Studio/Common7/IDE/CommonExtensions/Microsoft/CMake/Ninja/ninja.exe cmTC_29479 && [1/2] Building C object CMakeFiles\cmTC_29479.dir\H5_HAVE_SYS_IOCTL_H.c.obj
FAILED: CMakeFiles/cmTC_29479.dir/H5_HAVE_SYS_IOCTL_H.c.obj 
D:\VISUAL~1\VC\Tools\MSVC\1430~1.305\bin\Hostx64\x64\cl.exe  /nologo   /DWIN32 /D_WINDOWS /W3 /DWIN32_LEAN_AND_MEAN=1 /DNOGDI=1 /MDd /Zi /Ob0 /Od /RTC1 /showIncludes /FoCMakeFiles\cmTC_29479.dir\H5_HAVE_SYS_IOCTL_H.c.obj /FdCMakeFiles\cmTC_29479.dir\ /FS -c C:\Users\13973\Desktop\NuGrid\NuGrid\library\install_files\hdf5-1.10.7\out\build\x64-Debug\CMakeFiles\CheckIncludeFiles\H5_HAVE_SYS_IOCTL_H.c
C:\Users\13973\Desktop\NuGrid\NuGrid\library\install_files\hdf5-1.10.7\out\build\x64-Debug\CMakeFiles\CheckIncludeFiles\H5_HAVE_SYS_IOCTL_H.c(2): fatal error C1083: 无法打开包括文件: “sys/ioctl.h”: No such file or directory
ninja: build stopped: subcommand failed.


Source:
/* */
#include <sys/ioctl.h>


int main(void){return 0;}

Determining if files ;sys/resource.h exist failed with the following output:
Change Dir: C:/Users/13973/Desktop/NuGrid/NuGrid/library/install_files/hdf5-1.10.7/out/build/x64-Debug/CMakeFiles/CMakeTmp

Run Build Command(s):D:/Visual Studio/Common7/IDE/CommonExtensions/Microsoft/CMake/Ninja/ninja.exe cmTC_f35fb && [1/2] Building C object CMakeFiles\cmTC_f35fb.dir\H5_HAVE_SYS_RESOURCE_H.c.obj
FAILED: CMakeFiles/cmTC_f35fb.dir/H5_HAVE_SYS_RESOURCE_H.c.obj 
D:\VISUAL~1\VC\Tools\MSVC\1430~1.305\bin\Hostx64\x64\cl.exe  /nologo   /DWIN32 /D_WINDOWS /W3 /DWIN32_LEAN_AND_MEAN=1 /DNOGDI=1 /MDd /Zi /Ob0 /Od /RTC1 /showIncludes /FoCMakeFiles\cmTC_f35fb.dir\H5_HAVE_SYS_RESOURCE_H.c.obj /FdCMakeFiles\cmTC_f35fb.dir\ /FS -c C:\Users\13973\Desktop\NuGrid\NuGrid\library\install_files\hdf5-1.10.7\out\build\x64-Debug\CMakeFiles\CheckIncludeFiles\H5_HAVE_SYS_RESOURCE_H.c
C:\Users\13973\Desktop\NuGrid\NuGrid\library\install_files\hdf5-1.10.7\out\build\x64-Debug\CMakeFiles\CheckIncludeFiles\H5_HAVE_SYS_RESOURCE_H.c(2): fatal error C1083: 无法打开包括文件: “sys/resource.h”: No such file or directory
ninja: build stopped: subcommand failed.


Source:
/* */
#include <sys/resource.h>


int main(void){return 0;}

Determining if files ;sys/socket.h exist failed with the following output:
Change Dir: C:/Users/13973/Desktop/NuGrid/NuGrid/library/install_files/hdf5-1.10.7/out/build/x64-Debug/CMakeFiles/CMakeTmp

Run Build Command(s):D:/Visual Studio/Common7/IDE/CommonExtensions/Microsoft/CMake/Ninja/ninja.exe cmTC_cebf3 && [1/2] Building C object CMakeFiles\cmTC_cebf3.dir\H5_HAVE_SYS_SOCKET_H.c.obj
FAILED: CMakeFiles/cmTC_cebf3.dir/H5_HAVE_SYS_SOCKET_H.c.obj 
D:\VISUAL~1\VC\Tools\MSVC\1430~1.305\bin\Hostx64\x64\cl.exe  /nologo   /DWIN32 /D_WINDOWS /W3 /DWIN32_LEAN_AND_MEAN=1 /DNOGDI=1 /MDd /Zi /Ob0 /Od /RTC1 /showIncludes /FoCMakeFiles\cmTC_cebf3.dir\H5_HAVE_SYS_SOCKET_H.c.obj /FdCMakeFiles\cmTC_cebf3.dir\ /FS -c C:\Users\13973\Desktop\NuGrid\NuGrid\library\install_files\hdf5-1.10.7\out\build\x64-Debug\CMakeFiles\CheckIncludeFiles\H5_HAVE_SYS_SOCKET_H.c
C:\Users\13973\Desktop\NuGrid\NuGrid\library\install_files\hdf5-1.10.7\out\build\x64-Debug\CMakeFiles\CheckIncludeFiles\H5_HAVE_SYS_SOCKET_H.c(2): fatal error C1083: 无法打开包括文件: “sys/socket.h”: No such file or directory
ninja: build stopped: subcommand failed.


Source:
/* */
#include <sys/socket.h>


int main(void){return 0;}

Determining if files sys/stat.h;sys/time.h exist failed with the following output:
Change Dir: C:/Users/13973/Desktop/NuGrid/NuGrid/library/install_files/hdf5-1.10.7/out/build/x64-Debug/CMakeFiles/CMakeTmp

Run Build Command(s):D:/Visual Studio/Common7/IDE/CommonExtensions/Microsoft/CMake/Ninja/ninja.exe cmTC_a23b8 && [1/2] Building C object CMakeFiles\cmTC_a23b8.dir\H5_HAVE_SYS_TIME_H.c.obj
FAILED: CMakeFiles/cmTC_a23b8.dir/H5_HAVE_SYS_TIME_H.c.obj 
D:\VISUAL~1\VC\Tools\MSVC\1430~1.305\bin\Hostx64\x64\cl.exe  /nologo   /DWIN32 /D_WINDOWS /W3 /DWIN32_LEAN_AND_MEAN=1 /DNOGDI=1 /MDd /Zi /Ob0 /Od /RTC1 /showIncludes /FoCMakeFiles\cmTC_a23b8.dir\H5_HAVE_SYS_TIME_H.c.obj /FdCMakeFiles\cmTC_a23b8.dir\ /FS -c C:\Users\13973\Desktop\NuGrid\NuGrid\library\install_files\hdf5-1.10.7\out\build\x64-Debug\CMakeFiles\CheckIncludeFiles\H5_HAVE_SYS_TIME_H.c
C:\Users\13973\Desktop\NuGrid\NuGrid\library\install_files\hdf5-1.10.7\out\build\x64-Debug\CMakeFiles\CheckIncludeFiles\H5_HAVE_SYS_TIME_H.c(3): fatal error C1083: 无法打开包括文件: “sys/time.h”: No such file or directory
ninja: build stopped: subcommand failed.


Source:
/* */
#include <sys/stat.h>
#include <sys/time.h>


int main(void){return 0;}

Determining if files sys/stat.h;sys/types.h;features.h exist failed with the following output:
Change Dir: C:/Users/13973/Desktop/NuGrid/NuGrid/library/install_files/hdf5-1.10.7/out/build/x64-Debug/CMakeFiles/CMakeTmp

Run Build Command(s):D:/Visual Studio/Common7/IDE/CommonExtensions/Microsoft/CMake/Ninja/ninja.exe cmTC_2be5b && [1/2] Building C object CMakeFiles\cmTC_2be5b.dir\H5_HAVE_FEATURES_H.c.obj
FAILED: CMakeFiles/cmTC_2be5b.dir/H5_HAVE_FEATURES_H.c.obj 
D:\VISUAL~1\VC\Tools\MSVC\1430~1.305\bin\Hostx64\x64\cl.exe  /nologo   /DWIN32 /D_WINDOWS /W3 /DWIN32_LEAN_AND_MEAN=1 /DNOGDI=1 /MDd /Zi /Ob0 /Od /RTC1 /showIncludes /FoCMakeFiles\cmTC_2be5b.dir\H5_HAVE_FEATURES_H.c.obj /FdCMakeFiles\cmTC_2be5b.dir\ /FS -c C:\Users\13973\Desktop\NuGrid\NuGrid\library\install_files\hdf5-1.10.7\out\build\x64-Debug\CMakeFiles\CheckIncludeFiles\H5_HAVE_FEATURES_H.c
C:\Users\13973\Desktop\NuGrid\NuGrid\library\install_files\hdf5-1.10.7\out\build\x64-Debug\CMakeFiles\CheckIncludeFiles\H5_HAVE_FEATURES_H.c(4): fatal error C1083: 无法打开包括文件: “features.h”: No such file or directory
ninja: build stopped: subcommand failed.


Source:
/* */
#include <sys/stat.h>
#include <sys/types.h>
#include <features.h>


int main(void){return 0;}

Determining if files sys/stat.h;sys/types.h;dirent.h exist failed with the following output:
Change Dir: C:/Users/13973/Desktop/NuGrid/NuGrid/library/install_files/hdf5-1.10.7/out/build/x64-Debug/CMakeFiles/CMakeTmp

Run Build Command(s):D:/Visual Studio/Common7/IDE/CommonExtensions/Microsoft/CMake/Ninja/ninja.exe cmTC_a8c2b && [1/2] Building C object CMakeFiles\cmTC_a8c2b.dir\H5_HAVE_DIRENT_H.c.obj
FAILED: CMakeFiles/cmTC_a8c2b.dir/H5_HAVE_DIRENT_H.c.obj 
D:\VISUAL~1\VC\Tools\MSVC\1430~1.305\bin\Hostx64\x64\cl.exe  /nologo   /DWIN32 /D_WINDOWS /W3 /DWIN32_LEAN_AND_MEAN=1 /DNOGDI=1 /MDd /Zi /Ob0 /Od /RTC1 /showIncludes /FoCMakeFiles\cmTC_a8c2b.dir\H5_HAVE_DIRENT_H.c.obj /FdCMakeFiles\cmTC_a8c2b.dir\ /FS -c C:\Users\13973\Desktop\NuGrid\NuGrid\library\install_files\hdf5-1.10.7\out\build\x64-Debug\CMakeFiles\CheckIncludeFiles\H5_HAVE_DIRENT_H.c
C:\Users\13973\Desktop\NuGrid\NuGrid\library\install_files\hdf5-1.10.7\out\build\x64-Debug\CMakeFiles\CheckIncludeFiles\H5_HAVE_DIRENT_H.c(4): fatal error C1083: 无法打开包括文件: “dirent.h”: No such file or directory
ninja: build stopped: subcommand failed.


Source:
/* */
#include <sys/stat.h>
#include <sys/types.h>
#include <dirent.h>


int main(void){return 0;}

Determining if files sys/stat.h;sys/types.h;setjmp.h;stddef.h;stdint.h;unistd.h exist failed with the following output:
Change Dir: C:/Users/13973/Desktop/NuGrid/NuGrid/library/install_files/hdf5-1.10.7/out/build/x64-Debug/CMakeFiles/CMakeTmp

Run Build Command(s):D:/Visual Studio/Common7/IDE/CommonExtensions/Microsoft/CMake/Ninja/ninja.exe cmTC_60d7b && [1/2] Building C object CMakeFiles\cmTC_60d7b.dir\H5_HAVE_UNISTD_H.c.obj
FAILED: CMakeFiles/cmTC_60d7b.dir/H5_HAVE_UNISTD_H.c.obj 
D:\VISUAL~1\VC\Tools\MSVC\1430~1.305\bin\Hostx64\x64\cl.exe  /nologo   /DWIN32 /D_WINDOWS /W3 /DWIN32_LEAN_AND_MEAN=1 /DNOGDI=1 /MDd /Zi /Ob0 /Od /RTC1 /showIncludes /FoCMakeFiles\cmTC_60d7b.dir\H5_HAVE_UNISTD_H.c.obj /FdCMakeFiles\cmTC_60d7b.dir\ /FS -c C:\Users\13973\Desktop\NuGrid\NuGrid\library\install_files\hdf5-1.10.7\out\build\x64-Debug\CMakeFiles\CheckIncludeFiles\H5_HAVE_UNISTD_H.c
C:\Users\13973\Desktop\NuGrid\NuGrid\library\install_files\hdf5-1.10.7\out\build\x64-Debug\CMakeFiles\CheckIncludeFiles\H5_HAVE_UNISTD_H.c(7): fatal error C1083: 无法打开包括文件: “unistd.h”: No such file or directory
ninja: build stopped: subcommand failed.


Source:
/* */
#include <sys/stat.h>
#include <sys/types.h>
#include <setjmp.h>
#include <stddef.h>
#include <stdint.h>
#include <unistd.h>


int main(void){return 0;}

Determining if files sys/stat.h;sys/types.h;setjmp.h;stddef.h;stdint.h;io.h;winsock2.h;globus/common.h exist failed with the following output:
Change Dir: C:/Users/13973/Desktop/NuGrid/NuGrid/library/install_files/hdf5-1.10.7/out/build/x64-Debug/CMakeFiles/CMakeTmp

Run Build Command(s):D:/Visual Studio/Common7/IDE/CommonExtensions/Microsoft/CMake/Ninja/ninja.exe cmTC_7e482 && [1/2] Building C object CMakeFiles\cmTC_7e482.dir\H5_HAVE_GLOBUS_COMMON_H.c.obj
FAILED: CMakeFiles/cmTC_7e482.dir/H5_HAVE_GLOBUS_COMMON_H.c.obj 
D:\VISUAL~1\VC\Tools\MSVC\1430~1.305\bin\Hostx64\x64\cl.exe  /nologo   /DWIN32 /D_WINDOWS /W3 /DWIN32_LEAN_AND_MEAN=1 /DNOGDI=1 /MDd /Zi /Ob0 /Od /RTC1 /showIncludes /FoCMakeFiles\cmTC_7e482.dir\H5_HAVE_GLOBUS_COMMON_H.c.obj /FdCMakeFiles\cmTC_7e482.dir\ /FS -c C:\Users\13973\Desktop\NuGrid\NuGrid\library\install_files\hdf5-1.10.7\out\build\x64-Debug\CMakeFiles\CheckIncludeFiles\H5_HAVE_GLOBUS_COMMON_H.c
C:\Users\13973\Desktop\NuGrid\NuGrid\library\install_files\hdf5-1.10.7\out\build\x64-Debug\CMakeFiles\CheckIncludeFiles\H5_HAVE_GLOBUS_COMMON_H.c(9): fatal error C1083: 无法打开包括文件: “globus/common.h”: No such file or directory
ninja: build stopped: subcommand failed.


Source:
/* */
#include <sys/stat.h>
#include <sys/types.h>
#include <setjmp.h>
#include <stddef.h>
#include <stdint.h>
#include <io.h>
#include <winsock2.h>
#include <globus/common.h>


int main(void){return 0;}

Determining if files sys/stat.h;sys/types.h;setjmp.h;stddef.h;stdint.h;io.h;winsock2.h;pdb.h exist failed with the following output:
Change Dir: C:/Users/13973/Desktop/NuGrid/NuGrid/library/install_files/hdf5-1.10.7/out/build/x64-Debug/CMakeFiles/CMakeTmp

Run Build Command(s):D:/Visual Studio/Common7/IDE/CommonExtensions/Microsoft/CMake/Ninja/ninja.exe cmTC_d1f4a && [1/2] Building C object CMakeFiles\cmTC_d1f4a.dir\H5_HAVE_PDB_H.c.obj
FAILED: CMakeFiles/cmTC_d1f4a.dir/H5_HAVE_PDB_H.c.obj 
D:\VISUAL~1\VC\Tools\MSVC\1430~1.305\bin\Hostx64\x64\cl.exe  /nologo   /DWIN32 /D_WINDOWS /W3 /DWIN32_LEAN_AND_MEAN=1 /DNOGDI=1 /MDd /Zi /Ob0 /Od /RTC1 /showIncludes /FoCMakeFiles\cmTC_d1f4a.dir\H5_HAVE_PDB_H.c.obj /FdCMakeFiles\cmTC_d1f4a.dir\ /FS -c C:\Users\13973\Desktop\NuGrid\NuGrid\library\install_files\hdf5-1.10.7\out\build\x64-Debug\CMakeFiles\CheckIncludeFiles\H5_HAVE_PDB_H.c
C:\Users\13973\Desktop\NuGrid\NuGrid\library\install_files\hdf5-1.10.7\out\build\x64-Debug\CMakeFiles\CheckIncludeFiles\H5_HAVE_PDB_H.c(9): fatal error C1083: 无法打开包括文件: “pdb.h”: No such file or directory
ninja: build stopped: subcommand failed.


Source:
/* */
#include <sys/stat.h>
#include <sys/types.h>
#include <setjmp.h>
#include <stddef.h>
#include <stdint.h>
#include <io.h>
#include <winsock2.h>
#include <pdb.h>


int main(void){return 0;}

Determining if files sys/stat.h;sys/types.h;setjmp.h;stddef.h;stdint.h;io.h;winsock2.h;pthread.h exist failed with the following output:
Change Dir: C:/Users/13973/Desktop/NuGrid/NuGrid/library/install_files/hdf5-1.10.7/out/build/x64-Debug/CMakeFiles/CMakeTmp

Run Build Command(s):D:/Visual Studio/Common7/IDE/CommonExtensions/Microsoft/CMake/Ninja/ninja.exe cmTC_e7e3f && [1/2] Building C object CMakeFiles\cmTC_e7e3f.dir\H5_HAVE_PTHREAD_H.c.obj
FAILED: CMakeFiles/cmTC_e7e3f.dir/H5_HAVE_PTHREAD_H.c.obj 
D:\VISUAL~1\VC\Tools\MSVC\1430~1.305\bin\Hostx64\x64\cl.exe  /nologo   /DWIN32 /D_WINDOWS /W3 /DWIN32_LEAN_AND_MEAN=1 /DNOGDI=1 /MDd /Zi /Ob0 /Od /RTC1 /showIncludes /FoCMakeFiles\cmTC_e7e3f.dir\H5_HAVE_PTHREAD_H.c.obj /FdCMakeFiles\cmTC_e7e3f.dir\ /FS -c C:\Users\13973\Desktop\NuGrid\NuGrid\library\install_files\hdf5-1.10.7\out\build\x64-Debug\CMakeFiles\CheckIncludeFiles\H5_HAVE_PTHREAD_H.c
C:\Users\13973\Desktop\NuGrid\NuGrid\library\install_files\hdf5-1.10.7\out\build\x64-Debug\CMakeFiles\CheckIncludeFiles\H5_HAVE_PTHREAD_H.c(9): fatal error C1083: 无法打开包括文件: “pthread.h”: No such file or directory
ninja: build stopped: subcommand failed.


Source:
/* */
#include <sys/stat.h>
#include <sys/types.h>
#include <setjmp.h>
#include <stddef.h>
#include <stdint.h>
#include <io.h>
#include <winsock2.h>
#include <pthread.h>


int main(void){return 0;}

Determining if files sys/stat.h;sys/types.h;setjmp.h;stddef.h;stdint.h;io.h;winsock2.h;srbclient.h exist failed with the following output:
Change Dir: C:/Users/13973/Desktop/NuGrid/NuGrid/library/install_files/hdf5-1.10.7/out/build/x64-Debug/CMakeFiles/CMakeTmp

Run Build Command(s):D:/Visual Studio/Common7/IDE/CommonExtensions/Microsoft/CMake/Ninja/ninja.exe cmTC_8d86e && [1/2] Building C object CMakeFiles\cmTC_8d86e.dir\H5_HAVE_SRBCLIENT_H.c.obj
FAILED: CMakeFiles/cmTC_8d86e.dir/H5_HAVE_SRBCLIENT_H.c.obj 
D:\VISUAL~1\VC\Tools\MSVC\1430~1.305\bin\Hostx64\x64\cl.exe  /nologo   /DWIN32 /D_WINDOWS /W3 /DWIN32_LEAN_AND_MEAN=1 /DNOGDI=1 /MDd /Zi /Ob0 /Od /RTC1 /showIncludes /FoCMakeFiles\cmTC_8d86e.dir\H5_HAVE_SRBCLIENT_H.c.obj /FdCMakeFiles\cmTC_8d86e.dir\ /FS -c C:\Users\13973\Desktop\NuGrid\NuGrid\library\install_files\hdf5-1.10.7\out\build\x64-Debug\CMakeFiles\CheckIncludeFiles\H5_HAVE_SRBCLIENT_H.c
C:\Users\13973\Desktop\NuGrid\NuGrid\library\install_files\hdf5-1.10.7\out\build\x64-Debug\CMakeFiles\CheckIncludeFiles\H5_HAVE_SRBCLIENT_H.c(9): fatal error C1083: 无法打开包括文件: “srbclient.h”: No such file or directory
ninja: build stopped: subcommand failed.


Source:
/* */
#include <sys/stat.h>
#include <sys/types.h>
#include <setjmp.h>
#include <stddef.h>
#include <stdint.h>
#include <io.h>
#include <winsock2.h>
#include <srbclient.h>


int main(void){return 0;}

Determining if files sys/stat.h;sys/types.h;setjmp.h;stddef.h;stdint.h;io.h;winsock2.h;string.h;strings.h exist failed with the following output:
Change Dir: C:/Users/13973/Desktop/NuGrid/NuGrid/library/install_files/hdf5-1.10.7/out/build/x64-Debug/CMakeFiles/CMakeTmp

Run Build Command(s):D:/Visual Studio/Common7/IDE/CommonExtensions/Microsoft/CMake/Ninja/ninja.exe cmTC_66ad2 && [1/2] Building C object CMakeFiles\cmTC_66ad2.dir\H5_HAVE_STRINGS_H.c.obj
FAILED: CMakeFiles/cmTC_66ad2.dir/H5_HAVE_STRINGS_H.c.obj 
D:\VISUAL~1\VC\Tools\MSVC\1430~1.305\bin\Hostx64\x64\cl.exe  /nologo   /DWIN32 /D_WINDOWS /W3 /DWIN32_LEAN_AND_MEAN=1 /DNOGDI=1 /MDd /Zi /Ob0 /Od /RTC1 /showIncludes /FoCMakeFiles\cmTC_66ad2.dir\H5_HAVE_STRINGS_H.c.obj /FdCMakeFiles\cmTC_66ad2.dir\ /FS -c C:\Users\13973\Desktop\NuGrid\NuGrid\library\install_files\hdf5-1.10.7\out\build\x64-Debug\CMakeFiles\CheckIncludeFiles\H5_HAVE_STRINGS_H.c
C:\Users\13973\Desktop\NuGrid\NuGrid\library\install_files\hdf5-1.10.7\out\build\x64-Debug\CMakeFiles\CheckIncludeFiles\H5_HAVE_STRINGS_H.c(10): fatal error C1083: 无法打开包括文件: “strings.h”: No such file or directory
ninja: build stopped: subcommand failed.


Source:
/* */
#include <sys/stat.h>
#include <sys/types.h>
#include <setjmp.h>
#include <stddef.h>
#include <stdint.h>
#include <io.h>
#include <winsock2.h>
#include <string.h>
#include <strings.h>


int main(void){return 0;}

Determining if files sys/stat.h;sys/types.h;setjmp.h;stddef.h;stdint.h;io.h;winsock2.h;string.h;stdlib.h;memory.h;dlfcn.h exist failed with the following output:
Change Dir: C:/Users/13973/Desktop/NuGrid/NuGrid/library/install_files/hdf5-1.10.7/out/build/x64-Debug/CMakeFiles/CMakeTmp

Run Build Command(s):D:/Visual Studio/Common7/IDE/CommonExtensions/Microsoft/CMake/Ninja/ninja.exe cmTC_e5b0c && [1/2] Building C object CMakeFiles\cmTC_e5b0c.dir\H5_HAVE_DLFCN_H.c.obj
FAILED: CMakeFiles/cmTC_e5b0c.dir/H5_HAVE_DLFCN_H.c.obj 
D:\VISUAL~1\VC\Tools\MSVC\1430~1.305\bin\Hostx64\x64\cl.exe  /nologo   /DWIN32 /D_WINDOWS /W3 /DWIN32_LEAN_AND_MEAN=1 /DNOGDI=1 /MDd /Zi /Ob0 /Od /RTC1 /showIncludes /FoCMakeFiles\cmTC_e5b0c.dir\H5_HAVE_DLFCN_H.c.obj /FdCMakeFiles\cmTC_e5b0c.dir\ /FS -c C:\Users\13973\Desktop\NuGrid\NuGrid\library\install_files\hdf5-1.10.7\out\build\x64-Debug\CMakeFiles\CheckIncludeFiles\H5_HAVE_DLFCN_H.c
C:\Users\13973\Desktop\NuGrid\NuGrid\library\install_files\hdf5-1.10.7\out\build\x64-Debug\CMakeFiles\CheckIncludeFiles\H5_HAVE_DLFCN_H.c(12): fatal error C1083: 无法打开包括文件: “dlfcn.h”: No such file or directory
ninja: build stopped: subcommand failed.


Source:
/* */
#include <sys/stat.h>
#include <sys/types.h>
#include <setjmp.h>
#include <stddef.h>
#include <stdint.h>
#include <io.h>
#include <winsock2.h>
#include <string.h>
#include <stdlib.h>
#include <memory.h>
#include <dlfcn.h>


int main(void){return 0;}

Determining if files sys/stat.h;sys/types.h;setjmp.h;stddef.h;stdint.h;io.h;winsock2.h;string.h;stdlib.h;memory.h;inttypes.h;netinet/in.h exist failed with the following output:
Change Dir: C:/Users/13973/Desktop/NuGrid/NuGrid/library/install_files/hdf5-1.10.7/out/build/x64-Debug/CMakeFiles/CMakeTmp

Run Build Command(s):D:/Visual Studio/Common7/IDE/CommonExtensions/Microsoft/CMake/Ninja/ninja.exe cmTC_811f8 && [1/2] Building C object CMakeFiles\cmTC_811f8.dir\H5_HAVE_NETINET_IN_H.c.obj
FAILED: CMakeFiles/cmTC_811f8.dir/H5_HAVE_NETINET_IN_H.c.obj 
D:\VISUAL~1\VC\Tools\MSVC\1430~1.305\bin\Hostx64\x64\cl.exe  /nologo   /DWIN32 /D_WINDOWS /W3 /DWIN32_LEAN_AND_MEAN=1 /DNOGDI=1 /MDd /Zi /Ob0 /Od /RTC1 /showIncludes /FoCMakeFiles\cmTC_811f8.dir\H5_HAVE_NETINET_IN_H.c.obj /FdCMakeFiles\cmTC_811f8.dir\ /FS -c C:\Users\13973\Desktop\NuGrid\NuGrid\library\install_files\hdf5-1.10.7\out\build\x64-Debug\CMakeFiles\CheckIncludeFiles\H5_HAVE_NETINET_IN_H.c
C:\Users\13973\Desktop\NuGrid\NuGrid\library\install_files\hdf5-1.10.7\out\build\x64-Debug\CMakeFiles\CheckIncludeFiles\H5_HAVE_NETINET_IN_H.c(13): fatal error C1083: 无法打开包括文件: “netinet/in.h”: No such file or directory
ninja: build stopped: subcommand failed.


Source:
/* */
#include <sys/stat.h>
#include <sys/types.h>
#include <setjmp.h>
#include <stddef.h>
#include <stdint.h>
#include <io.h>
#include <winsock2.h>
#include <string.h>
#include <stdlib.h>
#include <memory.h>
#include <inttypes.h>
#include <netinet/in.h>


int main(void){return 0;}

Determining if files sys/stat.h;sys/types.h;setjmp.h;stddef.h;stdint.h;io.h;winsock2.h;string.h;stdlib.h;memory.h;inttypes.h;netdb.h exist failed with the following output:
Change Dir: C:/Users/13973/Desktop/NuGrid/NuGrid/library/install_files/hdf5-1.10.7/out/build/x64-Debug/CMakeFiles/CMakeTmp

Run Build Command(s):D:/Visual Studio/Common7/IDE/CommonExtensions/Microsoft/CMake/Ninja/ninja.exe cmTC_0cbda && [1/2] Building C object CMakeFiles\cmTC_0cbda.dir\H5_HAVE_NETDB_H.c.obj
FAILED: CMakeFiles/cmTC_0cbda.dir/H5_HAVE_NETDB_H.c.obj 
D:\VISUAL~1\VC\Tools\MSVC\1430~1.305\bin\Hostx64\x64\cl.exe  /nologo   /DWIN32 /D_WINDOWS /W3 /DWIN32_LEAN_AND_MEAN=1 /DNOGDI=1 /MDd /Zi /Ob0 /Od /RTC1 /showIncludes /FoCMakeFiles\cmTC_0cbda.dir\H5_HAVE_NETDB_H.c.obj /FdCMakeFiles\cmTC_0cbda.dir\ /FS -c C:\Users\13973\Desktop\NuGrid\NuGrid\library\install_files\hdf5-1.10.7\out\build\x64-Debug\CMakeFiles\CheckIncludeFiles\H5_HAVE_NETDB_H.c
C:\Users\13973\Desktop\NuGrid\NuGrid\library\install_files\hdf5-1.10.7\out\build\x64-Debug\CMakeFiles\CheckIncludeFiles\H5_HAVE_NETDB_H.c(13): fatal error C1083: 无法打开包括文件: “netdb.h”: No such file or directory
ninja: build stopped: subcommand failed.


Source:
/* */
#include <sys/stat.h>
#include <sys/types.h>
#include <setjmp.h>
#include <stddef.h>
#include <stdint.h>
#include <io.h>
#include <winsock2.h>
#include <string.h>
#include <stdlib.h>
#include <memory.h>
#include <inttypes.h>
#include <netdb.h>


int main(void){return 0;}

Determining if files sys/stat.h;sys/types.h;setjmp.h;stddef.h;stdint.h;io.h;winsock2.h;string.h;stdlib.h;memory.h;inttypes.h;arpa/inet.h exist failed with the following output:
Change Dir: C:/Users/13973/Desktop/NuGrid/NuGrid/library/install_files/hdf5-1.10.7/out/build/x64-Debug/CMakeFiles/CMakeTmp

Run Build Command(s):D:/Visual Studio/Common7/IDE/CommonExtensions/Microsoft/CMake/Ninja/ninja.exe cmTC_8ee5e && [1/2] Building C object CMakeFiles\cmTC_8ee5e.dir\H5_HAVE_ARPA_INET_H.c.obj
FAILED: CMakeFiles/cmTC_8ee5e.dir/H5_HAVE_ARPA_INET_H.c.obj 
D:\VISUAL~1\VC\Tools\MSVC\1430~1.305\bin\Hostx64\x64\cl.exe  /nologo   /DWIN32 /D_WINDOWS /W3 /DWIN32_LEAN_AND_MEAN=1 /DNOGDI=1 /MDd /Zi /Ob0 /Od /RTC1 /showIncludes /FoCMakeFiles\cmTC_8ee5e.dir\H5_HAVE_ARPA_INET_H.c.obj /FdCMakeFiles\cmTC_8ee5e.dir\ /FS -c C:\Users\13973\Desktop\NuGrid\NuGrid\library\install_files\hdf5-1.10.7\out\build\x64-Debug\CMakeFiles\CheckIncludeFiles\H5_HAVE_ARPA_INET_H.c
C:\Users\13973\Desktop\NuGrid\NuGrid\library\install_files\hdf5-1.10.7\out\build\x64-Debug\CMakeFiles\CheckIncludeFiles\H5_HAVE_ARPA_INET_H.c(13): fatal error C1083: 无法打开包括文件: “arpa/inet.h”: No such file or directory
ninja: build stopped: subcommand failed.


Source:
/* */
#include <sys/stat.h>
#include <sys/types.h>
#include <setjmp.h>
#include <stddef.h>
#include <stdint.h>
#include <io.h>
#include <winsock2.h>
#include <string.h>
#include <stdlib.h>
#include <memory.h>
#include <inttypes.h>
#include <arpa/inet.h>


int main(void){return 0;}

Determining if files quadmath.h exist failed with the following output:
Change Dir: C:/Users/13973/Desktop/NuGrid/NuGrid/library/install_files/hdf5-1.10.7/out/build/x64-Debug/CMakeFiles/CMakeTmp

Run Build Command(s):D:/Visual Studio/Common7/IDE/CommonExtensions/Microsoft/CMake/Ninja/ninja.exe cmTC_5f100 && [1/2] Building C object CMakeFiles\cmTC_5f100.dir\C_HAVE_QUADMATH.c.obj
FAILED: CMakeFiles/cmTC_5f100.dir/C_HAVE_QUADMATH.c.obj 
D:\VISUAL~1\VC\Tools\MSVC\1430~1.305\bin\Hostx64\x64\cl.exe  /nologo   /DWIN32 /D_WINDOWS /W3 /DWIN32_LEAN_AND_MEAN=1 /DNOGDI=1 /MDd /Zi /Ob0 /Od /RTC1 /showIncludes /FoCMakeFiles\cmTC_5f100.dir\C_HAVE_QUADMATH.c.obj /FdCMakeFiles\cmTC_5f100.dir\ /FS -c C:\Users\13973\Desktop\NuGrid\NuGrid\library\install_files\hdf5-1.10.7\out\build\x64-Debug\CMakeFiles\CheckIncludeFiles\C_HAVE_QUADMATH.c
C:\Users\13973\Desktop\NuGrid\NuGrid\library\install_files\hdf5-1.10.7\out\build\x64-Debug\CMakeFiles\CheckIncludeFiles\C_HAVE_QUADMATH.c(2): fatal error C1083: 无法打开包括文件: “quadmath.h”: No such file or directory
ninja: build stopped: subcommand failed.


Source:
/* */
#include <quadmath.h>


int main(void){return 0;}

Determining if the function gethostname exists in the ucb; failed with the following output:
Change Dir: C:/Users/13973/Desktop/NuGrid/NuGrid/library/install_files/hdf5-1.10.7/out/build/x64-Debug/CMakeFiles/CMakeTmp

Run Build Command(s):D:/Visual Studio/Common7/IDE/CommonExtensions/Microsoft/CMake/Ninja/ninja.exe cmTC_34a29 && [1/2] Building C object CMakeFiles\cmTC_34a29.dir\CheckFunctionExists.c.obj
[2/2] Linking C executable cmTC_34a29.exe
FAILED: cmTC_34a29.exe 
cmd.exe /C "cd . && "D:\Visual Studio\Common7\IDE\CommonExtensions\Microsoft\CMake\CMake\bin\cmake.exe" -E vs_link_exe --intdir=CMakeFiles\cmTC_34a29.dir --rc=C:\PROGRA~2\WI3CF2~1\10\bin\100190~1.0\x64\rc.exe --mt=C:\PROGRA~2\WI3CF2~1\10\bin\100190~1.0\x64\mt.exe --manifests  -- D:\VISUAL~1\VC\Tools\MSVC\1430~1.305\bin\Hostx64\x64\link.exe /nologo CMakeFiles\cmTC_34a29.dir\CheckFunctionExists.c.obj  /out:cmTC_34a29.exe /implib:cmTC_34a29.lib /pdb:cmTC_34a29.pdb /version:0.0 /machine:x64  /debug /INCREMENTAL /subsystem:console  ucb.lib  kernel32.lib user32.lib gdi32.lib winspool.lib shell32.lib ole32.lib oleaut32.lib uuid.lib comdlg32.lib advapi32.lib && cd ."
LINK Pass 1: command "D:\VISUAL~1\VC\Tools\MSVC\1430~1.305\bin\Hostx64\x64\link.exe /nologo CMakeFiles\cmTC_34a29.dir\CheckFunctionExists.c.obj /out:cmTC_34a29.exe /implib:cmTC_34a29.lib /pdb:cmTC_34a29.pdb /version:0.0 /machine:x64 /debug /INCREMENTAL /subsystem:console ucb.lib kernel32.lib user32.lib gdi32.lib winspool.lib shell32.lib ole32.lib oleaut32.lib uuid.lib comdlg32.lib advapi32.lib /MANIFEST /MANIFESTFILE:CMakeFiles\cmTC_34a29.dir/intermediate.manifest CMakeFiles\cmTC_34a29.dir/manifest.res" failed (exit code 1104) with the following output:
LINK : fatal error LNK1104: 无法打开文件“ucb.lib”
ninja: build stopped: subcommand failed.



Determining size of ssize_t failed with the following output:
Change Dir: C:/Users/13973/Desktop/NuGrid/NuGrid/library/install_files/hdf5-1.10.7/out/build/x64-Debug/CMakeFiles/CMakeTmp

Run Build Command(s):D:/Visual Studio/Common7/IDE/CommonExtensions/Microsoft/CMake/Ninja/ninja.exe cmTC_1eb30 && [1/2] Building C object CMakeFiles\cmTC_1eb30.dir\H5_SIZEOF_SSIZE_T.c.obj
FAILED: CMakeFiles/cmTC_1eb30.dir/H5_SIZEOF_SSIZE_T.c.obj 
D:\VISUAL~1\VC\Tools\MSVC\1430~1.305\bin\Hostx64\x64\cl.exe  /nologo   /DWIN32 /D_WINDOWS /W3 /DWIN32_LEAN_AND_MEAN=1 /DNOGDI=1 /MDd /Zi /Ob0 /Od /RTC1 /showIncludes /FoCMakeFiles\cmTC_1eb30.dir\H5_SIZEOF_SSIZE_T.c.obj /FdCMakeFiles\cmTC_1eb30.dir\ /FS -c C:\Users\13973\Desktop\NuGrid\NuGrid\library\install_files\hdf5-1.10.7\out\build\x64-Debug\CMakeFiles\CheckTypeSize\H5_SIZEOF_SSIZE_T.c
C:\Users\13973\Desktop\NuGrid\NuGrid\library\install_files\hdf5-1.10.7\out\build\x64-Debug\CMakeFiles\CheckTypeSize\H5_SIZEOF_SSIZE_T.c(29): error C2065: “ssize_t”: 未声明的标识符
C:\Users\13973\Desktop\NuGrid\NuGrid\library\install_files\hdf5-1.10.7\out\build\x64-Debug\CMakeFiles\CheckTypeSize\H5_SIZEOF_SSIZE_T.c(30): error C2065: “ssize_t”: 未声明的标识符
C:\Users\13973\Desktop\NuGrid\NuGrid\library\install_files\hdf5-1.10.7\out\build\x64-Debug\CMakeFiles\CheckTypeSize\H5_SIZEOF_SSIZE_T.c(31): error C2065: “ssize_t”: 未声明的标识符
C:\Users\13973\Desktop\NuGrid\NuGrid\library\install_files\hdf5-1.10.7\out\build\x64-Debug\CMakeFiles\CheckTypeSize\H5_SIZEOF_SSIZE_T.c(32): error C2065: “ssize_t”: 未声明的标识符
C:\Users\13973\Desktop\NuGrid\NuGrid\library\install_files\hdf5-1.10.7\out\build\x64-Debug\CMakeFiles\CheckTypeSize\H5_SIZEOF_SSIZE_T.c(33): error C2065: “ssize_t”: 未声明的标识符
ninja: build stopped: subcommand failed.


C:/Users/13973/Desktop/NuGrid/NuGrid/library/install_files/hdf5-1.10.7/out/build/x64-Debug/CMakeFiles/CheckTypeSize/H5_SIZEOF_SSIZE_T.c:
#include <sys/types.h>
#include <stdint.h>
#include <stddef.h>


#undef KEY
#if defined(__i386)
# define KEY '_','_','i','3','8','6'
#elif defined(__x86_64)
# define KEY '_','_','x','8','6','_','6','4'
#elif defined(__PPC64__)
# define KEY '_','_','P','P','C','6','4','_','_'
#elif defined(__ppc64__)
# define KEY '_','_','p','p','c','6','4','_','_'
#elif defined(__PPC__)
# define KEY '_','_','P','P','C','_','_'
#elif defined(__ppc__)
# define KEY '_','_','p','p','c','_','_'
#elif defined(__aarch64__)
# define KEY '_','_','a','a','r','c','h','6','4','_','_'
#elif defined(__ARM_ARCH_7A__)
# define KEY '_','_','A','R','M','_','A','R','C','H','_','7','A','_','_'
#elif defined(__ARM_ARCH_7S__)
# define KEY '_','_','A','R','M','_','A','R','C','H','_','7','S','_','_'
#endif

#define SIZE (sizeof(ssize_t))
static char info_size[] =  {'I', 'N', 'F', 'O', ':', 's','i','z','e','[',
  ('0' + ((SIZE / 10000)%10)),
  ('0' + ((SIZE / 1000)%10)),
  ('0' + ((SIZE / 100)%10)),
  ('0' + ((SIZE / 10)%10)),
  ('0' +  (SIZE    % 10)),
  ']',
#ifdef KEY
  ' ','k','e','y','[', KEY, ']',
#endif
  '\0'};

#ifdef __CLASSIC_C__
int main(argc, argv) int argc; char *argv[];
#else
int main(int argc, char *argv[])
#endif
{
  int require = 0;
  require += info_size[argc];
  (void)argv;
  return require;
}


Determining size of off64_t failed with the following output:
Change Dir: C:/Users/13973/Desktop/NuGrid/NuGrid/library/install_files/hdf5-1.10.7/out/build/x64-Debug/CMakeFiles/CMakeTmp

Run Build Command(s):D:/Visual Studio/Common7/IDE/CommonExtensions/Microsoft/CMake/Ninja/ninja.exe cmTC_27310 && [1/2] Building C object CMakeFiles\cmTC_27310.dir\H5_SIZEOF_OFF64_T.c.obj
FAILED: CMakeFiles/cmTC_27310.dir/H5_SIZEOF_OFF64_T.c.obj 
D:\VISUAL~1\VC\Tools\MSVC\1430~1.305\bin\Hostx64\x64\cl.exe  /nologo   /DWIN32 /D_WINDOWS /W3 /DWIN32_LEAN_AND_MEAN=1 /DNOGDI=1 /MDd /Zi /Ob0 /Od /RTC1 /showIncludes /FoCMakeFiles\cmTC_27310.dir\H5_SIZEOF_OFF64_T.c.obj /FdCMakeFiles\cmTC_27310.dir\ /FS -c C:\Users\13973\Desktop\NuGrid\NuGrid\library\install_files\hdf5-1.10.7\out\build\x64-Debug\CMakeFiles\CheckTypeSize\H5_SIZEOF_OFF64_T.c
C:\Users\13973\Desktop\NuGrid\NuGrid\library\install_files\hdf5-1.10.7\out\build\x64-Debug\CMakeFiles\CheckTypeSize\H5_SIZEOF_OFF64_T.c(29): error C2065: “off64_t”: 未声明的标识符
C:\Users\13973\Desktop\NuGrid\NuGrid\library\install_files\hdf5-1.10.7\out\build\x64-Debug\CMakeFiles\CheckTypeSize\H5_SIZEOF_OFF64_T.c(30): error C2065: “off64_t”: 未声明的标识符
C:\Users\13973\Desktop\NuGrid\NuGrid\library\install_files\hdf5-1.10.7\out\build\x64-Debug\CMakeFiles\CheckTypeSize\H5_SIZEOF_OFF64_T.c(31): error C2065: “off64_t”: 未声明的标识符
C:\Users\13973\Desktop\NuGrid\NuGrid\library\install_files\hdf5-1.10.7\out\build\x64-Debug\CMakeFiles\CheckTypeSize\H5_SIZEOF_OFF64_T.c(32): error C2065: “off64_t”: 未声明的标识符
C:\Users\13973\Desktop\NuGrid\NuGrid\library\install_files\hdf5-1.10.7\out\build\x64-Debug\CMakeFiles\CheckTypeSize\H5_SIZEOF_OFF64_T.c(33): error C2065: “off64_t”: 未声明的标识符
ninja: build stopped: subcommand failed.


C:/Users/13973/Desktop/NuGrid/NuGrid/library/install_files/hdf5-1.10.7/out/build/x64-Debug/CMakeFiles/CheckTypeSize/H5_SIZEOF_OFF64_T.c:
#include <sys/types.h>
#include <stdint.h>
#include <stddef.h>


#undef KEY
#if defined(__i386)
# define KEY '_','_','i','3','8','6'
#elif defined(__x86_64)
# define KEY '_','_','x','8','6','_','6','4'
#elif defined(__PPC64__)
# define KEY '_','_','P','P','C','6','4','_','_'
#elif defined(__ppc64__)
# define KEY '_','_','p','p','c','6','4','_','_'
#elif defined(__PPC__)
# define KEY '_','_','P','P','C','_','_'
#elif defined(__ppc__)
# define KEY '_','_','p','p','c','_','_'
#elif defined(__aarch64__)
# define KEY '_','_','a','a','r','c','h','6','4','_','_'
#elif defined(__ARM_ARCH_7A__)
# define KEY '_','_','A','R','M','_','A','R','C','H','_','7','A','_','_'
#elif defined(__ARM_ARCH_7S__)
# define KEY '_','_','A','R','M','_','A','R','C','H','_','7','S','_','_'
#endif

#define SIZE (sizeof(off64_t))
static char info_size[] =  {'I', 'N', 'F', 'O', ':', 's','i','z','e','[',
  ('0' + ((SIZE / 10000)%10)),
  ('0' + ((SIZE / 1000)%10)),
  ('0' + ((SIZE / 100)%10)),
  ('0' + ((SIZE / 10)%10)),
  ('0' +  (SIZE    % 10)),
  ']',
#ifdef KEY
  ' ','k','e','y','[', KEY, ']',
#endif
  '\0'};

#ifdef __CLASSIC_C__
int main(argc, argv) int argc; char *argv[];
#else
int main(int argc, char *argv[])
#endif
{
  int require = 0;
  require += info_size[argc];
  (void)argv;
  return require;
}


Determining if the function alarm exists failed with the following output:
Change Dir: C:/Users/13973/Desktop/NuGrid/NuGrid/library/install_files/hdf5-1.10.7/out/build/x64-Debug/CMakeFiles/CMakeTmp

Run Build Command(s):D:/Visual Studio/Common7/IDE/CommonExtensions/Microsoft/CMake/Ninja/ninja.exe cmTC_334cd && [1/2] Building C object CMakeFiles\cmTC_334cd.dir\CheckFunctionExists.c.obj
[2/2] Linking C executable cmTC_334cd.exe
FAILED: cmTC_334cd.exe 
cmd.exe /C "cd . && "D:\Visual Studio\Common7\IDE\CommonExtensions\Microsoft\CMake\CMake\bin\cmake.exe" -E vs_link_exe --intdir=CMakeFiles\cmTC_334cd.dir --rc=C:\PROGRA~2\WI3CF2~1\10\bin\100190~1.0\x64\rc.exe --mt=C:\PROGRA~2\WI3CF2~1\10\bin\100190~1.0\x64\mt.exe --manifests  -- D:\VISUAL~1\VC\Tools\MSVC\1430~1.305\bin\Hostx64\x64\link.exe /nologo CMakeFiles\cmTC_334cd.dir\CheckFunctionExists.c.obj  /out:cmTC_334cd.exe /implib:cmTC_334cd.lib /pdb:cmTC_334cd.pdb /version:0.0 /machine:x64  /debug /INCREMENTAL /subsystem:console  kernel32.lib user32.lib gdi32.lib winspool.lib shell32.lib ole32.lib oleaut32.lib uuid.lib comdlg32.lib advapi32.lib && cd ."
LINK Pass 1: command "D:\VISUAL~1\VC\Tools\MSVC\1430~1.305\bin\Hostx64\x64\link.exe /nologo CMakeFiles\cmTC_334cd.dir\CheckFunctionExists.c.obj /out:cmTC_334cd.exe /implib:cmTC_334cd.lib /pdb:cmTC_334cd.pdb /version:0.0 /machine:x64 /debug /INCREMENTAL /subsystem:console kernel32.lib user32.lib gdi32.lib winspool.lib shell32.lib ole32.lib oleaut32.lib uuid.lib comdlg32.lib advapi32.lib /MANIFEST /MANIFESTFILE:CMakeFiles\cmTC_334cd.dir/intermediate.manifest CMakeFiles\cmTC_334cd.dir/manifest.res" failed (exit code 1120) with the following output:
CheckFunctionExists.c.obj : error LNK2019: 无法解析的外部符号 alarm，函数 main 中引用了该符号
cmTC_334cd.exe : fatal error LNK1120: 1 个无法解析的外部命令
ninja: build stopped: subcommand failed.



Determining if the function fcntl exists failed with the following output:
Change Dir: C:/Users/13973/Desktop/NuGrid/NuGrid/library/install_files/hdf5-1.10.7/out/build/x64-Debug/CMakeFiles/CMakeTmp

Run Build Command(s):D:/Visual Studio/Common7/IDE/CommonExtensions/Microsoft/CMake/Ninja/ninja.exe cmTC_41041 && [1/2] Building C object CMakeFiles\cmTC_41041.dir\CheckFunctionExists.c.obj
[2/2] Linking C executable cmTC_41041.exe
FAILED: cmTC_41041.exe 
cmd.exe /C "cd . && "D:\Visual Studio\Common7\IDE\CommonExtensions\Microsoft\CMake\CMake\bin\cmake.exe" -E vs_link_exe --intdir=CMakeFiles\cmTC_41041.dir --rc=C:\PROGRA~2\WI3CF2~1\10\bin\100190~1.0\x64\rc.exe --mt=C:\PROGRA~2\WI3CF2~1\10\bin\100190~1.0\x64\mt.exe --manifests  -- D:\VISUAL~1\VC\Tools\MSVC\1430~1.305\bin\Hostx64\x64\link.exe /nologo CMakeFiles\cmTC_41041.dir\CheckFunctionExists.c.obj  /out:cmTC_41041.exe /implib:cmTC_41041.lib /pdb:cmTC_41041.pdb /version:0.0 /machine:x64  /debug /INCREMENTAL /subsystem:console  kernel32.lib user32.lib gdi32.lib winspool.lib shell32.lib ole32.lib oleaut32.lib uuid.lib comdlg32.lib advapi32.lib && cd ."
LINK Pass 1: command "D:\VISUAL~1\VC\Tools\MSVC\1430~1.305\bin\Hostx64\x64\link.exe /nologo CMakeFiles\cmTC_41041.dir\CheckFunctionExists.c.obj /out:cmTC_41041.exe /implib:cmTC_41041.lib /pdb:cmTC_41041.pdb /version:0.0 /machine:x64 /debug /INCREMENTAL /subsystem:console kernel32.lib user32.lib gdi32.lib winspool.lib shell32.lib ole32.lib oleaut32.lib uuid.lib comdlg32.lib advapi32.lib /MANIFEST /MANIFESTFILE:CMakeFiles\cmTC_41041.dir/intermediate.manifest CMakeFiles\cmTC_41041.dir/manifest.res" failed (exit code 1120) with the following output:
CheckFunctionExists.c.obj : error LNK2019: 无法解析的外部符号 fcntl，函数 main 中引用了该符号
cmTC_41041.exe : fatal error LNK1120: 1 个无法解析的外部命令
ninja: build stopped: subcommand failed.



Determining if the function flock exists failed with the following output:
Change Dir: C:/Users/13973/Desktop/NuGrid/NuGrid/library/install_files/hdf5-1.10.7/out/build/x64-Debug/CMakeFiles/CMakeTmp

Run Build Command(s):D:/Visual Studio/Common7/IDE/CommonExtensions/Microsoft/CMake/Ninja/ninja.exe cmTC_91cad && [1/2] Building C object CMakeFiles\cmTC_91cad.dir\CheckFunctionExists.c.obj
[2/2] Linking C executable cmTC_91cad.exe
FAILED: cmTC_91cad.exe 
cmd.exe /C "cd . && "D:\Visual Studio\Common7\IDE\CommonExtensions\Microsoft\CMake\CMake\bin\cmake.exe" -E vs_link_exe --intdir=CMakeFiles\cmTC_91cad.dir --rc=C:\PROGRA~2\WI3CF2~1\10\bin\100190~1.0\x64\rc.exe --mt=C:\PROGRA~2\WI3CF2~1\10\bin\100190~1.0\x64\mt.exe --manifests  -- D:\VISUAL~1\VC\Tools\MSVC\1430~1.305\bin\Hostx64\x64\link.exe /nologo CMakeFiles\cmTC_91cad.dir\CheckFunctionExists.c.obj  /out:cmTC_91cad.exe /implib:cmTC_91cad.lib /pdb:cmTC_91cad.pdb /version:0.0 /machine:x64  /debug /INCREMENTAL /subsystem:console  kernel32.lib user32.lib gdi32.lib winspool.lib shell32.lib ole32.lib oleaut32.lib uuid.lib comdlg32.lib advapi32.lib && cd ."
LINK Pass 1: command "D:\VISUAL~1\VC\Tools\MSVC\1430~1.305\bin\Hostx64\x64\link.exe /nologo CMakeFiles\cmTC_91cad.dir\CheckFunctionExists.c.obj /out:cmTC_91cad.exe /implib:cmTC_91cad.lib /pdb:cmTC_91cad.pdb /version:0.0 /machine:x64 /debug /INCREMENTAL /subsystem:console kernel32.lib user32.lib gdi32.lib winspool.lib shell32.lib ole32.lib oleaut32.lib uuid.lib comdlg32.lib advapi32.lib /MANIFEST /MANIFESTFILE:CMakeFiles\cmTC_91cad.dir/intermediate.manifest CMakeFiles\cmTC_91cad.dir/manifest.res" failed (exit code 1120) with the following output:
CheckFunctionExists.c.obj : error LNK2019: 无法解析的外部符号 flock，函数 main 中引用了该符号
cmTC_91cad.exe : fatal error LNK1120: 1 个无法解析的外部命令
ninja: build stopped: subcommand failed.



Determining if the function fork exists failed with the following output:
Change Dir: C:/Users/13973/Desktop/NuGrid/NuGrid/library/install_files/hdf5-1.10.7/out/build/x64-Debug/CMakeFiles/CMakeTmp

Run Build Command(s):D:/Visual Studio/Common7/IDE/CommonExtensions/Microsoft/CMake/Ninja/ninja.exe cmTC_09952 && [1/2] Building C object CMakeFiles\cmTC_09952.dir\CheckFunctionExists.c.obj
[2/2] Linking C executable cmTC_09952.exe
FAILED: cmTC_09952.exe 
cmd.exe /C "cd . && "D:\Visual Studio\Common7\IDE\CommonExtensions\Microsoft\CMake\CMake\bin\cmake.exe" -E vs_link_exe --intdir=CMakeFiles\cmTC_09952.dir --rc=C:\PROGRA~2\WI3CF2~1\10\bin\100190~1.0\x64\rc.exe --mt=C:\PROGRA~2\WI3CF2~1\10\bin\100190~1.0\x64\mt.exe --manifests  -- D:\VISUAL~1\VC\Tools\MSVC\1430~1.305\bin\Hostx64\x64\link.exe /nologo CMakeFiles\cmTC_09952.dir\CheckFunctionExists.c.obj  /out:cmTC_09952.exe /implib:cmTC_09952.lib /pdb:cmTC_09952.pdb /version:0.0 /machine:x64  /debug /INCREMENTAL /subsystem:console  kernel32.lib user32.lib gdi32.lib winspool.lib shell32.lib ole32.lib oleaut32.lib uuid.lib comdlg32.lib advapi32.lib && cd ."
LINK Pass 1: command "D:\VISUAL~1\VC\Tools\MSVC\1430~1.305\bin\Hostx64\x64\link.exe /nologo CMakeFiles\cmTC_09952.dir\CheckFunctionExists.c.obj /out:cmTC_09952.exe /implib:cmTC_09952.lib /pdb:cmTC_09952.pdb /version:0.0 /machine:x64 /debug /INCREMENTAL /subsystem:console kernel32.lib user32.lib gdi32.lib winspool.lib shell32.lib ole32.lib oleaut32.lib uuid.lib comdlg32.lib advapi32.lib /MANIFEST /MANIFESTFILE:CMakeFiles\cmTC_09952.dir/intermediate.manifest CMakeFiles\cmTC_09952.dir/manifest.res" failed (exit code 1120) with the following output:
CheckFunctionExists.c.obj : error LNK2019: 无法解析的外部符号 fork，函数 main 中引用了该符号
cmTC_09952.exe : fatal error LNK1120: 1 个无法解析的外部命令
ninja: build stopped: subcommand failed.



Determining if the function frexpf exists failed with the following output:
Change Dir: C:/Users/13973/Desktop/NuGrid/NuGrid/library/install_files/hdf5-1.10.7/out/build/x64-Debug/CMakeFiles/CMakeTmp

Run Build Command(s):D:/Visual Studio/Common7/IDE/CommonExtensions/Microsoft/CMake/Ninja/ninja.exe cmTC_3d16d && [1/2] Building C object CMakeFiles\cmTC_3d16d.dir\CheckFunctionExists.c.obj
[2/2] Linking C executable cmTC_3d16d.exe
FAILED: cmTC_3d16d.exe 
cmd.exe /C "cd . && "D:\Visual Studio\Common7\IDE\CommonExtensions\Microsoft\CMake\CMake\bin\cmake.exe" -E vs_link_exe --intdir=CMakeFiles\cmTC_3d16d.dir --rc=C:\PROGRA~2\WI3CF2~1\10\bin\100190~1.0\x64\rc.exe --mt=C:\PROGRA~2\WI3CF2~1\10\bin\100190~1.0\x64\mt.exe --manifests  -- D:\VISUAL~1\VC\Tools\MSVC\1430~1.305\bin\Hostx64\x64\link.exe /nologo CMakeFiles\cmTC_3d16d.dir\CheckFunctionExists.c.obj  /out:cmTC_3d16d.exe /implib:cmTC_3d16d.lib /pdb:cmTC_3d16d.pdb /version:0.0 /machine:x64  /debug /INCREMENTAL /subsystem:console  kernel32.lib user32.lib gdi32.lib winspool.lib shell32.lib ole32.lib oleaut32.lib uuid.lib comdlg32.lib advapi32.lib && cd ."
LINK Pass 1: command "D:\VISUAL~1\VC\Tools\MSVC\1430~1.305\bin\Hostx64\x64\link.exe /nologo CMakeFiles\cmTC_3d16d.dir\CheckFunctionExists.c.obj /out:cmTC_3d16d.exe /implib:cmTC_3d16d.lib /pdb:cmTC_3d16d.pdb /version:0.0 /machine:x64 /debug /INCREMENTAL /subsystem:console kernel32.lib user32.lib gdi32.lib winspool.lib shell32.lib ole32.lib oleaut32.lib uuid.lib comdlg32.lib advapi32.lib /MANIFEST /MANIFESTFILE:CMakeFiles\cmTC_3d16d.dir/intermediate.manifest CMakeFiles\cmTC_3d16d.dir/manifest.res" failed (exit code 1120) with the following output:
CheckFunctionExists.c.obj : error LNK2019: 无法解析的外部符号 frexpf，函数 main 中引用了该符号
cmTC_3d16d.exe : fatal error LNK1120: 1 个无法解析的外部命令
ninja: build stopped: subcommand failed.



Determining if the function frexpl exists failed with the following output:
Change Dir: C:/Users/13973/Desktop/NuGrid/NuGrid/library/install_files/hdf5-1.10.7/out/build/x64-Debug/CMakeFiles/CMakeTmp

Run Build Command(s):D:/Visual Studio/Common7/IDE/CommonExtensions/Microsoft/CMake/Ninja/ninja.exe cmTC_a1219 && [1/2] Building C object CMakeFiles\cmTC_a1219.dir\CheckFunctionExists.c.obj
[2/2] Linking C executable cmTC_a1219.exe
FAILED: cmTC_a1219.exe 
cmd.exe /C "cd . && "D:\Visual Studio\Common7\IDE\CommonExtensions\Microsoft\CMake\CMake\bin\cmake.exe" -E vs_link_exe --intdir=CMakeFiles\cmTC_a1219.dir --rc=C:\PROGRA~2\WI3CF2~1\10\bin\100190~1.0\x64\rc.exe --mt=C:\PROGRA~2\WI3CF2~1\10\bin\100190~1.0\x64\mt.exe --manifests  -- D:\VISUAL~1\VC\Tools\MSVC\1430~1.305\bin\Hostx64\x64\link.exe /nologo CMakeFiles\cmTC_a1219.dir\CheckFunctionExists.c.obj  /out:cmTC_a1219.exe /implib:cmTC_a1219.lib /pdb:cmTC_a1219.pdb /version:0.0 /machine:x64  /debug /INCREMENTAL /subsystem:console  kernel32.lib user32.lib gdi32.lib winspool.lib shell32.lib ole32.lib oleaut32.lib uuid.lib comdlg32.lib advapi32.lib && cd ."
LINK Pass 1: command "D:\VISUAL~1\VC\Tools\MSVC\1430~1.305\bin\Hostx64\x64\link.exe /nologo CMakeFiles\cmTC_a1219.dir\CheckFunctionExists.c.obj /out:cmTC_a1219.exe /implib:cmTC_a1219.lib /pdb:cmTC_a1219.pdb /version:0.0 /machine:x64 /debug /INCREMENTAL /subsystem:console kernel32.lib user32.lib gdi32.lib winspool.lib shell32.lib ole32.lib oleaut32.lib uuid.lib comdlg32.lib advapi32.lib /MANIFEST /MANIFESTFILE:CMakeFiles\cmTC_a1219.dir/intermediate.manifest CMakeFiles\cmTC_a1219.dir/manifest.res" failed (exit code 1120) with the following output:
CheckFunctionExists.c.obj : error LNK2019: 无法解析的外部符号 frexpl，函数 main 中引用了该符号
cmTC_a1219.exe : fatal error LNK1120: 1 个无法解析的外部命令
ninja: build stopped: subcommand failed.



Determining if the function getrusage exists failed with the following output:
Change Dir: C:/Users/13973/Desktop/NuGrid/NuGrid/library/install_files/hdf5-1.10.7/out/build/x64-Debug/CMakeFiles/CMakeTmp

Run Build Command(s):D:/Visual Studio/Common7/IDE/CommonExtensions/Microsoft/CMake/Ninja/ninja.exe cmTC_944b4 && [1/2] Building C object CMakeFiles\cmTC_944b4.dir\CheckFunctionExists.c.obj
[2/2] Linking C executable cmTC_944b4.exe
FAILED: cmTC_944b4.exe 
cmd.exe /C "cd . && "D:\Visual Studio\Common7\IDE\CommonExtensions\Microsoft\CMake\CMake\bin\cmake.exe" -E vs_link_exe --intdir=CMakeFiles\cmTC_944b4.dir --rc=C:\PROGRA~2\WI3CF2~1\10\bin\100190~1.0\x64\rc.exe --mt=C:\PROGRA~2\WI3CF2~1\10\bin\100190~1.0\x64\mt.exe --manifests  -- D:\VISUAL~1\VC\Tools\MSVC\1430~1.305\bin\Hostx64\x64\link.exe /nologo CMakeFiles\cmTC_944b4.dir\CheckFunctionExists.c.obj  /out:cmTC_944b4.exe /implib:cmTC_944b4.lib /pdb:cmTC_944b4.pdb /version:0.0 /machine:x64  /debug /INCREMENTAL /subsystem:console  kernel32.lib user32.lib gdi32.lib winspool.lib shell32.lib ole32.lib oleaut32.lib uuid.lib comdlg32.lib advapi32.lib && cd ."
LINK Pass 1: command "D:\VISUAL~1\VC\Tools\MSVC\1430~1.305\bin\Hostx64\x64\link.exe /nologo CMakeFiles\cmTC_944b4.dir\CheckFunctionExists.c.obj /out:cmTC_944b4.exe /implib:cmTC_944b4.lib /pdb:cmTC_944b4.pdb /version:0.0 /machine:x64 /debug /INCREMENTAL /subsystem:console kernel32.lib user32.lib gdi32.lib winspool.lib shell32.lib ole32.lib oleaut32.lib uuid.lib comdlg32.lib advapi32.lib /MANIFEST /MANIFESTFILE:CMakeFiles\cmTC_944b4.dir/intermediate.manifest CMakeFiles\cmTC_944b4.dir/manifest.res" failed (exit code 1120) with the following output:
CheckFunctionExists.c.obj : error LNK2019: 无法解析的外部符号 getrusage，函数 main 中引用了该符号
cmTC_944b4.exe : fatal error LNK1120: 1 个无法解析的外部命令
ninja: build stopped: subcommand failed.



Determining if the function lstat exists failed with the following output:
Change Dir: C:/Users/13973/Desktop/NuGrid/NuGrid/library/install_files/hdf5-1.10.7/out/build/x64-Debug/CMakeFiles/CMakeTmp

Run Build Command(s):D:/Visual Studio/Common7/IDE/CommonExtensions/Microsoft/CMake/Ninja/ninja.exe cmTC_a761c && [1/2] Building C object CMakeFiles\cmTC_a761c.dir\CheckFunctionExists.c.obj
[2/2] Linking C executable cmTC_a761c.exe
FAILED: cmTC_a761c.exe 
cmd.exe /C "cd . && "D:\Visual Studio\Common7\IDE\CommonExtensions\Microsoft\CMake\CMake\bin\cmake.exe" -E vs_link_exe --intdir=CMakeFiles\cmTC_a761c.dir --rc=C:\PROGRA~2\WI3CF2~1\10\bin\100190~1.0\x64\rc.exe --mt=C:\PROGRA~2\WI3CF2~1\10\bin\100190~1.0\x64\mt.exe --manifests  -- D:\VISUAL~1\VC\Tools\MSVC\1430~1.305\bin\Hostx64\x64\link.exe /nologo CMakeFiles\cmTC_a761c.dir\CheckFunctionExists.c.obj  /out:cmTC_a761c.exe /implib:cmTC_a761c.lib /pdb:cmTC_a761c.pdb /version:0.0 /machine:x64  /debug /INCREMENTAL /subsystem:console  kernel32.lib user32.lib gdi32.lib winspool.lib shell32.lib ole32.lib oleaut32.lib uuid.lib comdlg32.lib advapi32.lib && cd ."
LINK Pass 1: command "D:\VISUAL~1\VC\Tools\MSVC\1430~1.305\bin\Hostx64\x64\link.exe /nologo CMakeFiles\cmTC_a761c.dir\CheckFunctionExists.c.obj /out:cmTC_a761c.exe /implib:cmTC_a761c.lib /pdb:cmTC_a761c.pdb /version:0.0 /machine:x64 /debug /INCREMENTAL /subsystem:console kernel32.lib user32.lib gdi32.lib winspool.lib shell32.lib ole32.lib oleaut32.lib uuid.lib comdlg32.lib advapi32.lib /MANIFEST /MANIFESTFILE:CMakeFiles\cmTC_a761c.dir/intermediate.manifest CMakeFiles\cmTC_a761c.dir/manifest.res" failed (exit code 1120) with the following output:
CheckFunctionExists.c.obj : error LNK2019: 无法解析的外部符号 lstat，函数 main 中引用了该符号
cmTC_a761c.exe : fatal error LNK1120: 1 个无法解析的外部命令
ninja: build stopped: subcommand failed.



Determining if the function pread exists failed with the following output:
Change Dir: C:/Users/13973/Desktop/NuGrid/NuGrid/library/install_files/hdf5-1.10.7/out/build/x64-Debug/CMakeFiles/CMakeTmp

Run Build Command(s):D:/Visual Studio/Common7/IDE/CommonExtensions/Microsoft/CMake/Ninja/ninja.exe cmTC_420ca && [1/2] Building C object CMakeFiles\cmTC_420ca.dir\CheckFunctionExists.c.obj
[2/2] Linking C executable cmTC_420ca.exe
FAILED: cmTC_420ca.exe 
cmd.exe /C "cd . && "D:\Visual Studio\Common7\IDE\CommonExtensions\Microsoft\CMake\CMake\bin\cmake.exe" -E vs_link_exe --intdir=CMakeFiles\cmTC_420ca.dir --rc=C:\PROGRA~2\WI3CF2~1\10\bin\100190~1.0\x64\rc.exe --mt=C:\PROGRA~2\WI3CF2~1\10\bin\100190~1.0\x64\mt.exe --manifests  -- D:\VISUAL~1\VC\Tools\MSVC\1430~1.305\bin\Hostx64\x64\link.exe /nologo CMakeFiles\cmTC_420ca.dir\CheckFunctionExists.c.obj  /out:cmTC_420ca.exe /implib:cmTC_420ca.lib /pdb:cmTC_420ca.pdb /version:0.0 /machine:x64  /debug /INCREMENTAL /subsystem:console  kernel32.lib user32.lib gdi32.lib winspool.lib shell32.lib ole32.lib oleaut32.lib uuid.lib comdlg32.lib advapi32.lib && cd ."
LINK Pass 1: command "D:\VISUAL~1\VC\Tools\MSVC\1430~1.305\bin\Hostx64\x64\link.exe /nologo CMakeFiles\cmTC_420ca.dir\CheckFunctionExists.c.obj /out:cmTC_420ca.exe /implib:cmTC_420ca.lib /pdb:cmTC_420ca.pdb /version:0.0 /machine:x64 /debug /INCREMENTAL /subsystem:console kernel32.lib user32.lib gdi32.lib winspool.lib shell32.lib ole32.lib oleaut32.lib uuid.lib comdlg32.lib advapi32.lib /MANIFEST /MANIFESTFILE:CMakeFiles\cmTC_420ca.dir/intermediate.manifest CMakeFiles\cmTC_420ca.dir/manifest.res" failed (exit code 1120) with the following output:
CheckFunctionExists.c.obj : error LNK2019: 无法解析的外部符号 pread，函数 main 中引用了该符号
cmTC_420ca.exe : fatal error LNK1120: 1 个无法解析的外部命令
ninja: build stopped: subcommand failed.



Determining if the function pwrite exists failed with the following output:
Change Dir: C:/Users/13973/Desktop/NuGrid/NuGrid/library/install_files/hdf5-1.10.7/out/build/x64-Debug/CMakeFiles/CMakeTmp

Run Build Command(s):D:/Visual Studio/Common7/IDE/CommonExtensions/Microsoft/CMake/Ninja/ninja.exe cmTC_7f5a5 && [1/2] Building C object CMakeFiles\cmTC_7f5a5.dir\CheckFunctionExists.c.obj
[2/2] Linking C executable cmTC_7f5a5.exe
FAILED: cmTC_7f5a5.exe 
cmd.exe /C "cd . && "D:\Visual Studio\Common7\IDE\CommonExtensions\Microsoft\CMake\CMake\bin\cmake.exe" -E vs_link_exe --intdir=CMakeFiles\cmTC_7f5a5.dir --rc=C:\PROGRA~2\WI3CF2~1\10\bin\100190~1.0\x64\rc.exe --mt=C:\PROGRA~2\WI3CF2~1\10\bin\100190~1.0\x64\mt.exe --manifests  -- D:\VISUAL~1\VC\Tools\MSVC\1430~1.305\bin\Hostx64\x64\link.exe /nologo CMakeFiles\cmTC_7f5a5.dir\CheckFunctionExists.c.obj  /out:cmTC_7f5a5.exe /implib:cmTC_7f5a5.lib /pdb:cmTC_7f5a5.pdb /version:0.0 /machine:x64  /debug /INCREMENTAL /subsystem:console  kernel32.lib user32.lib gdi32.lib winspool.lib shell32.lib ole32.lib oleaut32.lib uuid.lib comdlg32.lib advapi32.lib && cd ."
LINK Pass 1: command "D:\VISUAL~1\VC\Tools\MSVC\1430~1.305\bin\Hostx64\x64\link.exe /nologo CMakeFiles\cmTC_7f5a5.dir\CheckFunctionExists.c.obj /out:cmTC_7f5a5.exe /implib:cmTC_7f5a5.lib /pdb:cmTC_7f5a5.pdb /version:0.0 /machine:x64 /debug /INCREMENTAL /subsystem:console kernel32.lib user32.lib gdi32.lib winspool.lib shell32.lib ole32.lib oleaut32.lib uuid.lib comdlg32.lib advapi32.lib /MANIFEST /MANIFESTFILE:CMakeFiles\cmTC_7f5a5.dir/intermediate.manifest CMakeFiles\cmTC_7f5a5.dir/manifest.res" failed (exit code 1120) with the following output:
CheckFunctionExists.c.obj : error LNK2019: 无法解析的外部符号 pwrite，函数 main 中引用了该符号
cmTC_7f5a5.exe : fatal error LNK1120: 1 个无法解析的外部命令
ninja: build stopped: subcommand failed.



Determining if the function rand_r exists failed with the following output:
Change Dir: C:/Users/13973/Desktop/NuGrid/NuGrid/library/install_files/hdf5-1.10.7/out/build/x64-Debug/CMakeFiles/CMakeTmp

Run Build Command(s):D:/Visual Studio/Common7/IDE/CommonExtensions/Microsoft/CMake/Ninja/ninja.exe cmTC_172a7 && [1/2] Building C object CMakeFiles\cmTC_172a7.dir\CheckFunctionExists.c.obj
[2/2] Linking C executable cmTC_172a7.exe
FAILED: cmTC_172a7.exe 
cmd.exe /C "cd . && "D:\Visual Studio\Common7\IDE\CommonExtensions\Microsoft\CMake\CMake\bin\cmake.exe" -E vs_link_exe --intdir=CMakeFiles\cmTC_172a7.dir --rc=C:\PROGRA~2\WI3CF2~1\10\bin\100190~1.0\x64\rc.exe --mt=C:\PROGRA~2\WI3CF2~1\10\bin\100190~1.0\x64\mt.exe --manifests  -- D:\VISUAL~1\VC\Tools\MSVC\1430~1.305\bin\Hostx64\x64\link.exe /nologo CMakeFiles\cmTC_172a7.dir\CheckFunctionExists.c.obj  /out:cmTC_172a7.exe /implib:cmTC_172a7.lib /pdb:cmTC_172a7.pdb /version:0.0 /machine:x64  /debug /INCREMENTAL /subsystem:console  kernel32.lib user32.lib gdi32.lib winspool.lib shell32.lib ole32.lib oleaut32.lib uuid.lib comdlg32.lib advapi32.lib && cd ."
LINK Pass 1: command "D:\VISUAL~1\VC\Tools\MSVC\1430~1.305\bin\Hostx64\x64\link.exe /nologo CMakeFiles\cmTC_172a7.dir\CheckFunctionExists.c.obj /out:cmTC_172a7.exe /implib:cmTC_172a7.lib /pdb:cmTC_172a7.pdb /version:0.0 /machine:x64 /debug /INCREMENTAL /subsystem:console kernel32.lib user32.lib gdi32.lib winspool.lib shell32.lib ole32.lib oleaut32.lib uuid.lib comdlg32.lib advapi32.lib /MANIFEST /MANIFESTFILE:CMakeFiles\cmTC_172a7.dir/intermediate.manifest CMakeFiles\cmTC_172a7.dir/manifest.res" failed (exit code 1120) with the following output:
CheckFunctionExists.c.obj : error LNK2019: 无法解析的外部符号 rand_r，函数 main 中引用了该符号
cmTC_172a7.exe : fatal error LNK1120: 1 个无法解析的外部命令
ninja: build stopped: subcommand failed.



Determining if the function random exists failed with the following output:
Change Dir: C:/Users/13973/Desktop/NuGrid/NuGrid/library/install_files/hdf5-1.10.7/out/build/x64-Debug/CMakeFiles/CMakeTmp

Run Build Command(s):D:/Visual Studio/Common7/IDE/CommonExtensions/Microsoft/CMake/Ninja/ninja.exe cmTC_b37d5 && [1/2] Building C object CMakeFiles\cmTC_b37d5.dir\CheckFunctionExists.c.obj
[2/2] Linking C executable cmTC_b37d5.exe
FAILED: cmTC_b37d5.exe 
cmd.exe /C "cd . && "D:\Visual Studio\Common7\IDE\CommonExtensions\Microsoft\CMake\CMake\bin\cmake.exe" -E vs_link_exe --intdir=CMakeFiles\cmTC_b37d5.dir --rc=C:\PROGRA~2\WI3CF2~1\10\bin\100190~1.0\x64\rc.exe --mt=C:\PROGRA~2\WI3CF2~1\10\bin\100190~1.0\x64\mt.exe --manifests  -- D:\VISUAL~1\VC\Tools\MSVC\1430~1.305\bin\Hostx64\x64\link.exe /nologo CMakeFiles\cmTC_b37d5.dir\CheckFunctionExists.c.obj  /out:cmTC_b37d5.exe /implib:cmTC_b37d5.lib /pdb:cmTC_b37d5.pdb /version:0.0 /machine:x64  /debug /INCREMENTAL /subsystem:console  kernel32.lib user32.lib gdi32.lib winspool.lib shell32.lib ole32.lib oleaut32.lib uuid.lib comdlg32.lib advapi32.lib && cd ."
LINK Pass 1: command "D:\VISUAL~1\VC\Tools\MSVC\1430~1.305\bin\Hostx64\x64\link.exe /nologo CMakeFiles\cmTC_b37d5.dir\CheckFunctionExists.c.obj /out:cmTC_b37d5.exe /implib:cmTC_b37d5.lib /pdb:cmTC_b37d5.pdb /version:0.0 /machine:x64 /debug /INCREMENTAL /subsystem:console kernel32.lib user32.lib gdi32.lib winspool.lib shell32.lib ole32.lib oleaut32.lib uuid.lib comdlg32.lib advapi32.lib /MANIFEST /MANIFESTFILE:CMakeFiles\cmTC_b37d5.dir/intermediate.manifest CMakeFiles\cmTC_b37d5.dir/manifest.res" failed (exit code 1120) with the following output:
CheckFunctionExists.c.obj : error LNK2019: 无法解析的外部符号 random，函数 main 中引用了该符号
cmTC_b37d5.exe : fatal error LNK1120: 1 个无法解析的外部命令
ninja: build stopped: subcommand failed.



Determining if the function setsysinfo exists failed with the following output:
Change Dir: C:/Users/13973/Desktop/NuGrid/NuGrid/library/install_files/hdf5-1.10.7/out/build/x64-Debug/CMakeFiles/CMakeTmp

Run Build Command(s):D:/Visual Studio/Common7/IDE/CommonExtensions/Microsoft/CMake/Ninja/ninja.exe cmTC_f4df3 && [1/2] Building C object CMakeFiles\cmTC_f4df3.dir\CheckFunctionExists.c.obj
[2/2] Linking C executable cmTC_f4df3.exe
FAILED: cmTC_f4df3.exe 
cmd.exe /C "cd . && "D:\Visual Studio\Common7\IDE\CommonExtensions\Microsoft\CMake\CMake\bin\cmake.exe" -E vs_link_exe --intdir=CMakeFiles\cmTC_f4df3.dir --rc=C:\PROGRA~2\WI3CF2~1\10\bin\100190~1.0\x64\rc.exe --mt=C:\PROGRA~2\WI3CF2~1\10\bin\100190~1.0\x64\mt.exe --manifests  -- D:\VISUAL~1\VC\Tools\MSVC\1430~1.305\bin\Hostx64\x64\link.exe /nologo CMakeFiles\cmTC_f4df3.dir\CheckFunctionExists.c.obj  /out:cmTC_f4df3.exe /implib:cmTC_f4df3.lib /pdb:cmTC_f4df3.pdb /version:0.0 /machine:x64  /debug /INCREMENTAL /subsystem:console  kernel32.lib user32.lib gdi32.lib winspool.lib shell32.lib ole32.lib oleaut32.lib uuid.lib comdlg32.lib advapi32.lib && cd ."
LINK Pass 1: command "D:\VISUAL~1\VC\Tools\MSVC\1430~1.305\bin\Hostx64\x64\link.exe /nologo CMakeFiles\cmTC_f4df3.dir\CheckFunctionExists.c.obj /out:cmTC_f4df3.exe /implib:cmTC_f4df3.lib /pdb:cmTC_f4df3.pdb /version:0.0 /machine:x64 /debug /INCREMENTAL /subsystem:console kernel32.lib user32.lib gdi32.lib winspool.lib shell32.lib ole32.lib oleaut32.lib uuid.lib comdlg32.lib advapi32.lib /MANIFEST /MANIFESTFILE:CMakeFiles\cmTC_f4df3.dir/intermediate.manifest CMakeFiles\cmTC_f4df3.dir/manifest.res" failed (exit code 1120) with the following output:
CheckFunctionExists.c.obj : error LNK2019: 无法解析的外部符号 setsysinfo，函数 main 中引用了该符号
cmTC_f4df3.exe : fatal error LNK1120: 1 个无法解析的外部命令
ninja: build stopped: subcommand failed.



Determining if the function siglongjmp exists failed with the following output:
Change Dir: C:/Users/13973/Desktop/NuGrid/NuGrid/library/install_files/hdf5-1.10.7/out/build/x64-Debug/CMakeFiles/CMakeTmp

Run Build Command(s):D:/Visual Studio/Common7/IDE/CommonExtensions/Microsoft/CMake/Ninja/ninja.exe cmTC_1f421 && [1/2] Building C object CMakeFiles\cmTC_1f421.dir\CheckFunctionExists.c.obj
[2/2] Linking C executable cmTC_1f421.exe
FAILED: cmTC_1f421.exe 
cmd.exe /C "cd . && "D:\Visual Studio\Common7\IDE\CommonExtensions\Microsoft\CMake\CMake\bin\cmake.exe" -E vs_link_exe --intdir=CMakeFiles\cmTC_1f421.dir --rc=C:\PROGRA~2\WI3CF2~1\10\bin\100190~1.0\x64\rc.exe --mt=C:\PROGRA~2\WI3CF2~1\10\bin\100190~1.0\x64\mt.exe --manifests  -- D:\VISUAL~1\VC\Tools\MSVC\1430~1.305\bin\Hostx64\x64\link.exe /nologo CMakeFiles\cmTC_1f421.dir\CheckFunctionExists.c.obj  /out:cmTC_1f421.exe /implib:cmTC_1f421.lib /pdb:cmTC_1f421.pdb /version:0.0 /machine:x64  /debug /INCREMENTAL /subsystem:console  kernel32.lib user32.lib gdi32.lib winspool.lib shell32.lib ole32.lib oleaut32.lib uuid.lib comdlg32.lib advapi32.lib && cd ."
LINK Pass 1: command "D:\VISUAL~1\VC\Tools\MSVC\1430~1.305\bin\Hostx64\x64\link.exe /nologo CMakeFiles\cmTC_1f421.dir\CheckFunctionExists.c.obj /out:cmTC_1f421.exe /implib:cmTC_1f421.lib /pdb:cmTC_1f421.pdb /version:0.0 /machine:x64 /debug /INCREMENTAL /subsystem:console kernel32.lib user32.lib gdi32.lib winspool.lib shell32.lib ole32.lib oleaut32.lib uuid.lib comdlg32.lib advapi32.lib /MANIFEST /MANIFESTFILE:CMakeFiles\cmTC_1f421.dir/intermediate.manifest CMakeFiles\cmTC_1f421.dir/manifest.res" failed (exit code 1120) with the following output:
CheckFunctionExists.c.obj : error LNK2019: 无法解析的外部符号 siglongjmp，函数 main 中引用了该符号
cmTC_1f421.exe : fatal error LNK1120: 1 个无法解析的外部命令
ninja: build stopped: subcommand failed.



Determining if the function sigsetjmp exists failed with the following output:
Change Dir: C:/Users/13973/Desktop/NuGrid/NuGrid/library/install_files/hdf5-1.10.7/out/build/x64-Debug/CMakeFiles/CMakeTmp

Run Build Command(s):D:/Visual Studio/Common7/IDE/CommonExtensions/Microsoft/CMake/Ninja/ninja.exe cmTC_e472e && [1/2] Building C object CMakeFiles\cmTC_e472e.dir\CheckFunctionExists.c.obj
[2/2] Linking C executable cmTC_e472e.exe
FAILED: cmTC_e472e.exe 
cmd.exe /C "cd . && "D:\Visual Studio\Common7\IDE\CommonExtensions\Microsoft\CMake\CMake\bin\cmake.exe" -E vs_link_exe --intdir=CMakeFiles\cmTC_e472e.dir --rc=C:\PROGRA~2\WI3CF2~1\10\bin\100190~1.0\x64\rc.exe --mt=C:\PROGRA~2\WI3CF2~1\10\bin\100190~1.0\x64\mt.exe --manifests  -- D:\VISUAL~1\VC\Tools\MSVC\1430~1.305\bin\Hostx64\x64\link.exe /nologo CMakeFiles\cmTC_e472e.dir\CheckFunctionExists.c.obj  /out:cmTC_e472e.exe /implib:cmTC_e472e.lib /pdb:cmTC_e472e.pdb /version:0.0 /machine:x64  /debug /INCREMENTAL /subsystem:console  kernel32.lib user32.lib gdi32.lib winspool.lib shell32.lib ole32.lib oleaut32.lib uuid.lib comdlg32.lib advapi32.lib && cd ."
LINK Pass 1: command "D:\VISUAL~1\VC\Tools\MSVC\1430~1.305\bin\Hostx64\x64\link.exe /nologo CMakeFiles\cmTC_e472e.dir\CheckFunctionExists.c.obj /out:cmTC_e472e.exe /implib:cmTC_e472e.lib /pdb:cmTC_e472e.pdb /version:0.0 /machine:x64 /debug /INCREMENTAL /subsystem:console kernel32.lib user32.lib gdi32.lib winspool.lib shell32.lib ole32.lib oleaut32.lib uuid.lib comdlg32.lib advapi32.lib /MANIFEST /MANIFESTFILE:CMakeFiles\cmTC_e472e.dir/intermediate.manifest CMakeFiles\cmTC_e472e.dir/manifest.res" failed (exit code 1120) with the following output:
CheckFunctionExists.c.obj : error LNK2019: 无法解析的外部符号 sigsetjmp，函数 main 中引用了该符号
cmTC_e472e.exe : fatal error LNK1120: 1 个无法解析的外部命令
ninja: build stopped: subcommand failed.



Determining if the function sigprocmask exists failed with the following output:
Change Dir: C:/Users/13973/Desktop/NuGrid/NuGrid/library/install_files/hdf5-1.10.7/out/build/x64-Debug/CMakeFiles/CMakeTmp

Run Build Command(s):D:/Visual Studio/Common7/IDE/CommonExtensions/Microsoft/CMake/Ninja/ninja.exe cmTC_f23a4 && [1/2] Building C object CMakeFiles\cmTC_f23a4.dir\CheckFunctionExists.c.obj
[2/2] Linking C executable cmTC_f23a4.exe
FAILED: cmTC_f23a4.exe 
cmd.exe /C "cd . && "D:\Visual Studio\Common7\IDE\CommonExtensions\Microsoft\CMake\CMake\bin\cmake.exe" -E vs_link_exe --intdir=CMakeFiles\cmTC_f23a4.dir --rc=C:\PROGRA~2\WI3CF2~1\10\bin\100190~1.0\x64\rc.exe --mt=C:\PROGRA~2\WI3CF2~1\10\bin\100190~1.0\x64\mt.exe --manifests  -- D:\VISUAL~1\VC\Tools\MSVC\1430~1.305\bin\Hostx64\x64\link.exe /nologo CMakeFiles\cmTC_f23a4.dir\CheckFunctionExists.c.obj  /out:cmTC_f23a4.exe /implib:cmTC_f23a4.lib /pdb:cmTC_f23a4.pdb /version:0.0 /machine:x64  /debug /INCREMENTAL /subsystem:console  kernel32.lib user32.lib gdi32.lib winspool.lib shell32.lib ole32.lib oleaut32.lib uuid.lib comdlg32.lib advapi32.lib && cd ."
LINK Pass 1: command "D:\VISUAL~1\VC\Tools\MSVC\1430~1.305\bin\Hostx64\x64\link.exe /nologo CMakeFiles\cmTC_f23a4.dir\CheckFunctionExists.c.obj /out:cmTC_f23a4.exe /implib:cmTC_f23a4.lib /pdb:cmTC_f23a4.pdb /version:0.0 /machine:x64 /debug /INCREMENTAL /subsystem:console kernel32.lib user32.lib gdi32.lib winspool.lib shell32.lib ole32.lib oleaut32.lib uuid.lib comdlg32.lib advapi32.lib /MANIFEST /MANIFESTFILE:CMakeFiles\cmTC_f23a4.dir/intermediate.manifest CMakeFiles\cmTC_f23a4.dir/manifest.res" failed (exit code 1120) with the following output:
CheckFunctionExists.c.obj : error LNK2019: 无法解析的外部符号 sigprocmask，函数 main 中引用了该符号
cmTC_f23a4.exe : fatal error LNK1120: 1 个无法解析的外部命令
ninja: build stopped: subcommand failed.



Determining if the function snprintf exists failed with the following output:
Change Dir: C:/Users/13973/Desktop/NuGrid/NuGrid/library/install_files/hdf5-1.10.7/out/build/x64-Debug/CMakeFiles/CMakeTmp

Run Build Command(s):D:/Visual Studio/Common7/IDE/CommonExtensions/Microsoft/CMake/Ninja/ninja.exe cmTC_ad666 && [1/2] Building C object CMakeFiles\cmTC_ad666.dir\CheckFunctionExists.c.obj
[2/2] Linking C executable cmTC_ad666.exe
FAILED: cmTC_ad666.exe 
cmd.exe /C "cd . && "D:\Visual Studio\Common7\IDE\CommonExtensions\Microsoft\CMake\CMake\bin\cmake.exe" -E vs_link_exe --intdir=CMakeFiles\cmTC_ad666.dir --rc=C:\PROGRA~2\WI3CF2~1\10\bin\100190~1.0\x64\rc.exe --mt=C:\PROGRA~2\WI3CF2~1\10\bin\100190~1.0\x64\mt.exe --manifests  -- D:\VISUAL~1\VC\Tools\MSVC\1430~1.305\bin\Hostx64\x64\link.exe /nologo CMakeFiles\cmTC_ad666.dir\CheckFunctionExists.c.obj  /out:cmTC_ad666.exe /implib:cmTC_ad666.lib /pdb:cmTC_ad666.pdb /version:0.0 /machine:x64  /debug /INCREMENTAL /subsystem:console  kernel32.lib user32.lib gdi32.lib winspool.lib shell32.lib ole32.lib oleaut32.lib uuid.lib comdlg32.lib advapi32.lib && cd ."
LINK Pass 1: command "D:\VISUAL~1\VC\Tools\MSVC\1430~1.305\bin\Hostx64\x64\link.exe /nologo CMakeFiles\cmTC_ad666.dir\CheckFunctionExists.c.obj /out:cmTC_ad666.exe /implib:cmTC_ad666.lib /pdb:cmTC_ad666.pdb /version:0.0 /machine:x64 /debug /INCREMENTAL /subsystem:console kernel32.lib user32.lib gdi32.lib winspool.lib shell32.lib ole32.lib oleaut32.lib uuid.lib comdlg32.lib advapi32.lib /MANIFEST /MANIFESTFILE:CMakeFiles\cmTC_ad666.dir/intermediate.manifest CMakeFiles\cmTC_ad666.dir/manifest.res" failed (exit code 1120) with the following output:
CheckFunctionExists.c.obj : error LNK2019: 无法解析的外部符号 snprintf，函数 main 中引用了该符号
cmTC_ad666.exe : fatal error LNK1120: 1 个无法解析的外部命令
ninja: build stopped: subcommand failed.



Determining if the function srandom exists failed with the following output:
Change Dir: C:/Users/13973/Desktop/NuGrid/NuGrid/library/install_files/hdf5-1.10.7/out/build/x64-Debug/CMakeFiles/CMakeTmp

Run Build Command(s):D:/Visual Studio/Common7/IDE/CommonExtensions/Microsoft/CMake/Ninja/ninja.exe cmTC_782a4 && [1/2] Building C object CMakeFiles\cmTC_782a4.dir\CheckFunctionExists.c.obj
[2/2] Linking C executable cmTC_782a4.exe
FAILED: cmTC_782a4.exe 
cmd.exe /C "cd . && "D:\Visual Studio\Common7\IDE\CommonExtensions\Microsoft\CMake\CMake\bin\cmake.exe" -E vs_link_exe --intdir=CMakeFiles\cmTC_782a4.dir --rc=C:\PROGRA~2\WI3CF2~1\10\bin\100190~1.0\x64\rc.exe --mt=C:\PROGRA~2\WI3CF2~1\10\bin\100190~1.0\x64\mt.exe --manifests  -- D:\VISUAL~1\VC\Tools\MSVC\1430~1.305\bin\Hostx64\x64\link.exe /nologo CMakeFiles\cmTC_782a4.dir\CheckFunctionExists.c.obj  /out:cmTC_782a4.exe /implib:cmTC_782a4.lib /pdb:cmTC_782a4.pdb /version:0.0 /machine:x64  /debug /INCREMENTAL /subsystem:console  kernel32.lib user32.lib gdi32.lib winspool.lib shell32.lib ole32.lib oleaut32.lib uuid.lib comdlg32.lib advapi32.lib && cd ."
LINK Pass 1: command "D:\VISUAL~1\VC\Tools\MSVC\1430~1.305\bin\Hostx64\x64\link.exe /nologo CMakeFiles\cmTC_782a4.dir\CheckFunctionExists.c.obj /out:cmTC_782a4.exe /implib:cmTC_782a4.lib /pdb:cmTC_782a4.pdb /version:0.0 /machine:x64 /debug /INCREMENTAL /subsystem:console kernel32.lib user32.lib gdi32.lib winspool.lib shell32.lib ole32.lib oleaut32.lib uuid.lib comdlg32.lib advapi32.lib /MANIFEST /MANIFESTFILE:CMakeFiles\cmTC_782a4.dir/intermediate.manifest CMakeFiles\cmTC_782a4.dir/manifest.res" failed (exit code 1120) with the following output:
CheckFunctionExists.c.obj : error LNK2019: 无法解析的外部符号 srandom，函数 main 中引用了该符号
cmTC_782a4.exe : fatal error LNK1120: 1 个无法解析的外部命令
ninja: build stopped: subcommand failed.



Determining if the function symlink exists failed with the following output:
Change Dir: C:/Users/13973/Desktop/NuGrid/NuGrid/library/install_files/hdf5-1.10.7/out/build/x64-Debug/CMakeFiles/CMakeTmp

Run Build Command(s):D:/Visual Studio/Common7/IDE/CommonExtensions/Microsoft/CMake/Ninja/ninja.exe cmTC_60b07 && [1/2] Building C object CMakeFiles\cmTC_60b07.dir\CheckFunctionExists.c.obj
[2/2] Linking C executable cmTC_60b07.exe
FAILED: cmTC_60b07.exe 
cmd.exe /C "cd . && "D:\Visual Studio\Common7\IDE\CommonExtensions\Microsoft\CMake\CMake\bin\cmake.exe" -E vs_link_exe --intdir=CMakeFiles\cmTC_60b07.dir --rc=C:\PROGRA~2\WI3CF2~1\10\bin\100190~1.0\x64\rc.exe --mt=C:\PROGRA~2\WI3CF2~1\10\bin\100190~1.0\x64\mt.exe --manifests  -- D:\VISUAL~1\VC\Tools\MSVC\1430~1.305\bin\Hostx64\x64\link.exe /nologo CMakeFiles\cmTC_60b07.dir\CheckFunctionExists.c.obj  /out:cmTC_60b07.exe /implib:cmTC_60b07.lib /pdb:cmTC_60b07.pdb /version:0.0 /machine:x64  /debug /INCREMENTAL /subsystem:console  kernel32.lib user32.lib gdi32.lib winspool.lib shell32.lib ole32.lib oleaut32.lib uuid.lib comdlg32.lib advapi32.lib && cd ."
LINK Pass 1: command "D:\VISUAL~1\VC\Tools\MSVC\1430~1.305\bin\Hostx64\x64\link.exe /nologo CMakeFiles\cmTC_60b07.dir\CheckFunctionExists.c.obj /out:cmTC_60b07.exe /implib:cmTC_60b07.lib /pdb:cmTC_60b07.pdb /version:0.0 /machine:x64 /debug /INCREMENTAL /subsystem:console kernel32.lib user32.lib gdi32.lib winspool.lib shell32.lib ole32.lib oleaut32.lib uuid.lib comdlg32.lib advapi32.lib /MANIFEST /MANIFESTFILE:CMakeFiles\cmTC_60b07.dir/intermediate.manifest CMakeFiles\cmTC_60b07.dir/manifest.res" failed (exit code 1120) with the following output:
CheckFunctionExists.c.obj : error LNK2019: 无法解析的外部符号 symlink，函数 main 中引用了该符号
cmTC_60b07.exe : fatal error LNK1120: 1 个无法解析的外部命令
ninja: build stopped: subcommand failed.



Determining if the function asprintf exists failed with the following output:
Change Dir: C:/Users/13973/Desktop/NuGrid/NuGrid/library/install_files/hdf5-1.10.7/out/build/x64-Debug/CMakeFiles/CMakeTmp

Run Build Command(s):D:/Visual Studio/Common7/IDE/CommonExtensions/Microsoft/CMake/Ninja/ninja.exe cmTC_c3bdb && [1/2] Building C object CMakeFiles\cmTC_c3bdb.dir\CheckFunctionExists.c.obj
[2/2] Linking C executable cmTC_c3bdb.exe
FAILED: cmTC_c3bdb.exe 
cmd.exe /C "cd . && "D:\Visual Studio\Common7\IDE\CommonExtensions\Microsoft\CMake\CMake\bin\cmake.exe" -E vs_link_exe --intdir=CMakeFiles\cmTC_c3bdb.dir --rc=C:\PROGRA~2\WI3CF2~1\10\bin\100190~1.0\x64\rc.exe --mt=C:\PROGRA~2\WI3CF2~1\10\bin\100190~1.0\x64\mt.exe --manifests  -- D:\VISUAL~1\VC\Tools\MSVC\1430~1.305\bin\Hostx64\x64\link.exe /nologo CMakeFiles\cmTC_c3bdb.dir\CheckFunctionExists.c.obj  /out:cmTC_c3bdb.exe /implib:cmTC_c3bdb.lib /pdb:cmTC_c3bdb.pdb /version:0.0 /machine:x64  /debug /INCREMENTAL /subsystem:console  kernel32.lib user32.lib gdi32.lib winspool.lib shell32.lib ole32.lib oleaut32.lib uuid.lib comdlg32.lib advapi32.lib && cd ."
LINK Pass 1: command "D:\VISUAL~1\VC\Tools\MSVC\1430~1.305\bin\Hostx64\x64\link.exe /nologo CMakeFiles\cmTC_c3bdb.dir\CheckFunctionExists.c.obj /out:cmTC_c3bdb.exe /implib:cmTC_c3bdb.lib /pdb:cmTC_c3bdb.pdb /version:0.0 /machine:x64 /debug /INCREMENTAL /subsystem:console kernel32.lib user32.lib gdi32.lib winspool.lib shell32.lib ole32.lib oleaut32.lib uuid.lib comdlg32.lib advapi32.lib /MANIFEST /MANIFESTFILE:CMakeFiles\cmTC_c3bdb.dir/intermediate.manifest CMakeFiles\cmTC_c3bdb.dir/manifest.res" failed (exit code 1120) with the following output:
CheckFunctionExists.c.obj : error LNK2019: 无法解析的外部符号 asprintf，函数 main 中引用了该符号
cmTC_c3bdb.exe : fatal error LNK1120: 1 个无法解析的外部命令
ninja: build stopped: subcommand failed.



Determining if the function vasprintf exists failed with the following output:
Change Dir: C:/Users/13973/Desktop/NuGrid/NuGrid/library/install_files/hdf5-1.10.7/out/build/x64-Debug/CMakeFiles/CMakeTmp

Run Build Command(s):D:/Visual Studio/Common7/IDE/CommonExtensions/Microsoft/CMake/Ninja/ninja.exe cmTC_dc446 && [1/2] Building C object CMakeFiles\cmTC_dc446.dir\CheckFunctionExists.c.obj
[2/2] Linking C executable cmTC_dc446.exe
FAILED: cmTC_dc446.exe 
cmd.exe /C "cd . && "D:\Visual Studio\Common7\IDE\CommonExtensions\Microsoft\CMake\CMake\bin\cmake.exe" -E vs_link_exe --intdir=CMakeFiles\cmTC_dc446.dir --rc=C:\PROGRA~2\WI3CF2~1\10\bin\100190~1.0\x64\rc.exe --mt=C:\PROGRA~2\WI3CF2~1\10\bin\100190~1.0\x64\mt.exe --manifests  -- D:\VISUAL~1\VC\Tools\MSVC\1430~1.305\bin\Hostx64\x64\link.exe /nologo CMakeFiles\cmTC_dc446.dir\CheckFunctionExists.c.obj  /out:cmTC_dc446.exe /implib:cmTC_dc446.lib /pdb:cmTC_dc446.pdb /version:0.0 /machine:x64  /debug /INCREMENTAL /subsystem:console  kernel32.lib user32.lib gdi32.lib winspool.lib shell32.lib ole32.lib oleaut32.lib uuid.lib comdlg32.lib advapi32.lib && cd ."
LINK Pass 1: command "D:\VISUAL~1\VC\Tools\MSVC\1430~1.305\bin\Hostx64\x64\link.exe /nologo CMakeFiles\cmTC_dc446.dir\CheckFunctionExists.c.obj /out:cmTC_dc446.exe /implib:cmTC_dc446.lib /pdb:cmTC_dc446.pdb /version:0.0 /machine:x64 /debug /INCREMENTAL /subsystem:console kernel32.lib user32.lib gdi32.lib winspool.lib shell32.lib ole32.lib oleaut32.lib uuid.lib comdlg32.lib advapi32.lib /MANIFEST /MANIFESTFILE:CMakeFiles\cmTC_dc446.dir/intermediate.manifest CMakeFiles\cmTC_dc446.dir/manifest.res" failed (exit code 1120) with the following output:
CheckFunctionExists.c.obj : error LNK2019: 无法解析的外部符号 vasprintf，函数 main 中引用了该符号
cmTC_dc446.exe : fatal error LNK1120: 1 个无法解析的外部命令
ninja: build stopped: subcommand failed.



Determining if the function waitpid exists failed with the following output:
Change Dir: C:/Users/13973/Desktop/NuGrid/NuGrid/library/install_files/hdf5-1.10.7/out/build/x64-Debug/CMakeFiles/CMakeTmp

Run Build Command(s):D:/Visual Studio/Common7/IDE/CommonExtensions/Microsoft/CMake/Ninja/ninja.exe cmTC_3eb77 && [1/2] Building C object CMakeFiles\cmTC_3eb77.dir\CheckFunctionExists.c.obj
[2/2] Linking C executable cmTC_3eb77.exe
FAILED: cmTC_3eb77.exe 
cmd.exe /C "cd . && "D:\Visual Studio\Common7\IDE\CommonExtensions\Microsoft\CMake\CMake\bin\cmake.exe" -E vs_link_exe --intdir=CMakeFiles\cmTC_3eb77.dir --rc=C:\PROGRA~2\WI3CF2~1\10\bin\100190~1.0\x64\rc.exe --mt=C:\PROGRA~2\WI3CF2~1\10\bin\100190~1.0\x64\mt.exe --manifests  -- D:\VISUAL~1\VC\Tools\MSVC\1430~1.305\bin\Hostx64\x64\link.exe /nologo CMakeFiles\cmTC_3eb77.dir\CheckFunctionExists.c.obj  /out:cmTC_3eb77.exe /implib:cmTC_3eb77.lib /pdb:cmTC_3eb77.pdb /version:0.0 /machine:x64  /debug /INCREMENTAL /subsystem:console  kernel32.lib user32.lib gdi32.lib winspool.lib shell32.lib ole32.lib oleaut32.lib uuid.lib comdlg32.lib advapi32.lib && cd ."
LINK Pass 1: command "D:\VISUAL~1\VC\Tools\MSVC\1430~1.305\bin\Hostx64\x64\link.exe /nologo CMakeFiles\cmTC_3eb77.dir\CheckFunctionExists.c.obj /out:cmTC_3eb77.exe /implib:cmTC_3eb77.lib /pdb:cmTC_3eb77.pdb /version:0.0 /machine:x64 /debug /INCREMENTAL /subsystem:console kernel32.lib user32.lib gdi32.lib winspool.lib shell32.lib ole32.lib oleaut32.lib uuid.lib comdlg32.lib advapi32.lib /MANIFEST /MANIFESTFILE:CMakeFiles\cmTC_3eb77.dir/intermediate.manifest CMakeFiles\cmTC_3eb77.dir/manifest.res" failed (exit code 1120) with the following output:
CheckFunctionExists.c.obj : error LNK2019: 无法解析的外部符号 waitpid，函数 main 中引用了该符号
cmTC_3eb77.exe : fatal error LNK1120: 1 个无法解析的外部命令
ninja: build stopped: subcommand failed.



Determining if the function vsnprintf exists failed with the following output:
Change Dir: C:/Users/13973/Desktop/NuGrid/NuGrid/library/install_files/hdf5-1.10.7/out/build/x64-Debug/CMakeFiles/CMakeTmp

Run Build Command(s):D:/Visual Studio/Common7/IDE/CommonExtensions/Microsoft/CMake/Ninja/ninja.exe cmTC_623e5 && [1/2] Building C object CMakeFiles\cmTC_623e5.dir\CheckFunctionExists.c.obj
[2/2] Linking C executable cmTC_623e5.exe
FAILED: cmTC_623e5.exe 
cmd.exe /C "cd . && "D:\Visual Studio\Common7\IDE\CommonExtensions\Microsoft\CMake\CMake\bin\cmake.exe" -E vs_link_exe --intdir=CMakeFiles\cmTC_623e5.dir --rc=C:\PROGRA~2\WI3CF2~1\10\bin\100190~1.0\x64\rc.exe --mt=C:\PROGRA~2\WI3CF2~1\10\bin\100190~1.0\x64\mt.exe --manifests  -- D:\VISUAL~1\VC\Tools\MSVC\1430~1.305\bin\Hostx64\x64\link.exe /nologo CMakeFiles\cmTC_623e5.dir\CheckFunctionExists.c.obj  /out:cmTC_623e5.exe /implib:cmTC_623e5.lib /pdb:cmTC_623e5.pdb /version:0.0 /machine:x64  /debug /INCREMENTAL /subsystem:console  kernel32.lib user32.lib gdi32.lib winspool.lib shell32.lib ole32.lib oleaut32.lib uuid.lib comdlg32.lib advapi32.lib && cd ."
LINK Pass 1: command "D:\VISUAL~1\VC\Tools\MSVC\1430~1.305\bin\Hostx64\x64\link.exe /nologo CMakeFiles\cmTC_623e5.dir\CheckFunctionExists.c.obj /out:cmTC_623e5.exe /implib:cmTC_623e5.lib /pdb:cmTC_623e5.pdb /version:0.0 /machine:x64 /debug /INCREMENTAL /subsystem:console kernel32.lib user32.lib gdi32.lib winspool.lib shell32.lib ole32.lib oleaut32.lib uuid.lib comdlg32.lib advapi32.lib /MANIFEST /MANIFESTFILE:CMakeFiles\cmTC_623e5.dir/intermediate.manifest CMakeFiles\cmTC_623e5.dir/manifest.res" failed (exit code 1120) with the following output:
CheckFunctionExists.c.obj : error LNK2019: 无法解析的外部符号 vsnprintf，函数 main 中引用了该符号
MSVCRTD.lib(vsnprintf.obj) : error LNK2001: 无法解析的外部符号 vsnprintf
MSVCRTD.lib(vsnprintf.obj) : error LNK2001: 无法解析的外部符号 _vsnprintf
cmTC_623e5.exe : fatal error LNK1120: 2 个无法解析的外部命令
ninja: build stopped: subcommand failed.



Determining if the sigsetjmp exist failed with the following output:
Change Dir: C:/Users/13973/Desktop/NuGrid/NuGrid/library/install_files/hdf5-1.10.7/out/build/x64-Debug/CMakeFiles/CMakeTmp

Run Build Command(s):D:/Visual Studio/Common7/IDE/CommonExtensions/Microsoft/CMake/Ninja/ninja.exe cmTC_ce270 && [1/2] Building C object CMakeFiles\cmTC_ce270.dir\CheckSymbolExists.c.obj
FAILED: CMakeFiles/cmTC_ce270.dir/CheckSymbolExists.c.obj 
D:\VISUAL~1\VC\Tools\MSVC\1430~1.305\bin\Hostx64\x64\cl.exe  /nologo   /DWIN32 /D_WINDOWS /W3 /DWIN32_LEAN_AND_MEAN=1 /DNOGDI=1 /MDd /Zi /Ob0 /Od /RTC1 /showIncludes /FoCMakeFiles\cmTC_ce270.dir\CheckSymbolExists.c.obj /FdCMakeFiles\cmTC_ce270.dir\ /FS -c C:\Users\13973\Desktop\NuGrid\NuGrid\library\install_files\hdf5-1.10.7\out\build\x64-Debug\CMakeFiles\CMakeTmp\CheckSymbolExists.c
C:\Users\13973\Desktop\NuGrid\NuGrid\library\install_files\hdf5-1.10.7\out\build\x64-Debug\CMakeFiles\CMakeTmp\CheckSymbolExists.c(8): error C2065: “sigsetjmp”: 未声明的标识符
ninja: build stopped: subcommand failed.


File C:/Users/13973/Desktop/NuGrid/NuGrid/library/install_files/hdf5-1.10.7/out/build/x64-Debug/CMakeFiles/CMakeTmp/CheckSymbolExists.c:
/* */
#include <setjmp.h>

int main(int argc, char** argv)
{
  (void)argv;
#ifndef sigsetjmp
  return ((int*)(&sigsetjmp))[argc];
#else
  (void)argc;
  return 0;
#endif
}
Performing Other Test HAVE___INLINE__ failed with the following output:
Change Dir: C:/Users/13973/Desktop/NuGrid/NuGrid/library/install_files/hdf5-1.10.7/out/build/x64-Debug/CMakeFiles/CMakeTmp

Run Build Command(s):D:/Visual Studio/Common7/IDE/CommonExtensions/Microsoft/CMake/Ninja/ninja.exe cmTC_9e5cb && [1/2] Building C object CMakeFiles\cmTC_9e5cb.dir\HDFTests.c.obj
FAILED: CMakeFiles/cmTC_9e5cb.dir/HDFTests.c.obj 
D:\VISUAL~1\VC\Tools\MSVC\1430~1.305\bin\Hostx64\x64\cl.exe  /nologo   /DWIN32 /D_WINDOWS /W3  /MDd /Zi /Ob0 /Od /RTC1   -DHAVE___INLINE__ /DWIN32_LEAN_AND_MEAN=1 /DNOGDI=1 -DHAVE_SYS_TYPES_H /showIncludes /FoCMakeFiles\cmTC_9e5cb.dir\HDFTests.c.obj /FdCMakeFiles\cmTC_9e5cb.dir\ /FS -c C:\Users\13973\Desktop\NuGrid\NuGrid\library\install_files\hdf5-1.10.7\config\cmake_ext_mod\HDFTests.c
C:\Users\13973\Desktop\NuGrid\NuGrid\library\install_files\hdf5-1.10.7\config\cmake_ext_mod\HDFTests.c(378): error C2054: 在“__inline__”之后应输入“(”
C:\Users\13973\Desktop\NuGrid\NuGrid\library\install_files\hdf5-1.10.7\config\cmake_ext_mod\HDFTests.c(378): error C2085: “static_foo”: 不在形参表中
C:\Users\13973\Desktop\NuGrid\NuGrid\library\install_files\hdf5-1.10.7\config\cmake_ext_mod\HDFTests.c(378): error C2143: 语法错误: 缺少“;”(在“{”的前面)
C:\Users\13973\Desktop\NuGrid\NuGrid\library\install_files\hdf5-1.10.7\config\cmake_ext_mod\HDFTests.c(379): error C2054: 在“__inline__”之后应输入“(”
C:\Users\13973\Desktop\NuGrid\NuGrid\library\install_files\hdf5-1.10.7\config\cmake_ext_mod\HDFTests.c(379): error C2085: “foo”: 不在形参表中
C:\Users\13973\Desktop\NuGrid\NuGrid\library\install_files\hdf5-1.10.7\config\cmake_ext_mod\HDFTests.c(379): error C2143: 语法错误: 缺少“;”(在“{”的前面)
ninja: build stopped: subcommand failed.


Determining size of __float128 failed with the following output:
Change Dir: C:/Users/13973/Desktop/NuGrid/NuGrid/library/install_files/hdf5-1.10.7/out/build/x64-Debug/CMakeFiles/CMakeTmp

Run Build Command(s):D:/Visual Studio/Common7/IDE/CommonExtensions/Microsoft/CMake/Ninja/ninja.exe cmTC_a57c0 && [1/2] Building C object CMakeFiles\cmTC_a57c0.dir\H5_SIZEOF___FLOAT128.c.obj
FAILED: CMakeFiles/cmTC_a57c0.dir/H5_SIZEOF___FLOAT128.c.obj 
D:\VISUAL~1\VC\Tools\MSVC\1430~1.305\bin\Hostx64\x64\cl.exe  /nologo   /DWIN32 /D_WINDOWS /W3 /DWIN32_LEAN_AND_MEAN=1 /DNOGDI=1 /MDd /Zi /Ob0 /Od /RTC1 /showIncludes /FoCMakeFiles\cmTC_a57c0.dir\H5_SIZEOF___FLOAT128.c.obj /FdCMakeFiles\cmTC_a57c0.dir\ /FS -c C:\Users\13973\Desktop\NuGrid\NuGrid\library\install_files\hdf5-1.10.7\out\build\x64-Debug\CMakeFiles\CheckTypeSize\H5_SIZEOF___FLOAT128.c
C:\Users\13973\Desktop\NuGrid\NuGrid\library\install_files\hdf5-1.10.7\out\build\x64-Debug\CMakeFiles\CheckTypeSize\H5_SIZEOF___FLOAT128.c(29): error C2065: “__float128”: 未声明的标识符
C:\Users\13973\Desktop\NuGrid\NuGrid\library\install_files\hdf5-1.10.7\out\build\x64-Debug\CMakeFiles\CheckTypeSize\H5_SIZEOF___FLOAT128.c(30): error C2065: “__float128”: 未声明的标识符
C:\Users\13973\Desktop\NuGrid\NuGrid\library\install_files\hdf5-1.10.7\out\build\x64-Debug\CMakeFiles\CheckTypeSize\H5_SIZEOF___FLOAT128.c(31): error C2065: “__float128”: 未声明的标识符
C:\Users\13973\Desktop\NuGrid\NuGrid\library\install_files\hdf5-1.10.7\out\build\x64-Debug\CMakeFiles\CheckTypeSize\H5_SIZEOF___FLOAT128.c(32): error C2065: “__float128”: 未声明的标识符
C:\Users\13973\Desktop\NuGrid\NuGrid\library\install_files\hdf5-1.10.7\out\build\x64-Debug\CMakeFiles\CheckTypeSize\H5_SIZEOF___FLOAT128.c(33): error C2065: “__float128”: 未声明的标识符
ninja: build stopped: subcommand failed.


C:/Users/13973/Desktop/NuGrid/NuGrid/library/install_files/hdf5-1.10.7/out/build/x64-Debug/CMakeFiles/CheckTypeSize/H5_SIZEOF___FLOAT128.c:
#include <sys/types.h>
#include <stdint.h>
#include <stddef.h>


#undef KEY
#if defined(__i386)
# define KEY '_','_','i','3','8','6'
#elif defined(__x86_64)
# define KEY '_','_','x','8','6','_','6','4'
#elif defined(__PPC64__)
# define KEY '_','_','P','P','C','6','4','_','_'
#elif defined(__ppc64__)
# define KEY '_','_','p','p','c','6','4','_','_'
#elif defined(__PPC__)
# define KEY '_','_','P','P','C','_','_'
#elif defined(__ppc__)
# define KEY '_','_','p','p','c','_','_'
#elif defined(__aarch64__)
# define KEY '_','_','a','a','r','c','h','6','4','_','_'
#elif defined(__ARM_ARCH_7A__)
# define KEY '_','_','A','R','M','_','A','R','C','H','_','7','A','_','_'
#elif defined(__ARM_ARCH_7S__)
# define KEY '_','_','A','R','M','_','A','R','C','H','_','7','S','_','_'
#endif

#define SIZE (sizeof(__float128))
static char info_size[] =  {'I', 'N', 'F', 'O', ':', 's','i','z','e','[',
  ('0' + ((SIZE / 10000)%10)),
  ('0' + ((SIZE / 1000)%10)),
  ('0' + ((SIZE / 100)%10)),
  ('0' + ((SIZE / 10)%10)),
  ('0' +  (SIZE    % 10)),
  ']',
#ifdef KEY
  ' ','k','e','y','[', KEY, ']',
#endif
  '\0'};

#ifdef __CLASSIC_C__
int main(argc, argv) int argc; char *argv[];
#else
int main(int argc, char *argv[])
#endif
{
  int require = 0;
  require += info_size[argc];
  (void)argv;
  return require;
}


Determining size of _Quad failed with the following output:
Change Dir: C:/Users/13973/Desktop/NuGrid/NuGrid/library/install_files/hdf5-1.10.7/out/build/x64-Debug/CMakeFiles/CMakeTmp

Run Build Command(s):D:/Visual Studio/Common7/IDE/CommonExtensions/Microsoft/CMake/Ninja/ninja.exe cmTC_e8d44 && [1/2] Building C object CMakeFiles\cmTC_e8d44.dir\H5_SIZEOF__QUAD.c.obj
FAILED: CMakeFiles/cmTC_e8d44.dir/H5_SIZEOF__QUAD.c.obj 
D:\VISUAL~1\VC\Tools\MSVC\1430~1.305\bin\Hostx64\x64\cl.exe  /nologo   /DWIN32 /D_WINDOWS /W3 /DWIN32_LEAN_AND_MEAN=1 /DNOGDI=1 /MDd /Zi /Ob0 /Od /RTC1 /showIncludes /FoCMakeFiles\cmTC_e8d44.dir\H5_SIZEOF__QUAD.c.obj /FdCMakeFiles\cmTC_e8d44.dir\ /FS -c C:\Users\13973\Desktop\NuGrid\NuGrid\library\install_files\hdf5-1.10.7\out\build\x64-Debug\CMakeFiles\CheckTypeSize\H5_SIZEOF__QUAD.c
C:\Users\13973\Desktop\NuGrid\NuGrid\library\install_files\hdf5-1.10.7\out\build\x64-Debug\CMakeFiles\CheckTypeSize\H5_SIZEOF__QUAD.c(29): error C2065: “_Quad”: 未声明的标识符
C:\Users\13973\Desktop\NuGrid\NuGrid\library\install_files\hdf5-1.10.7\out\build\x64-Debug\CMakeFiles\CheckTypeSize\H5_SIZEOF__QUAD.c(30): error C2065: “_Quad”: 未声明的标识符
C:\Users\13973\Desktop\NuGrid\NuGrid\library\install_files\hdf5-1.10.7\out\build\x64-Debug\CMakeFiles\CheckTypeSize\H5_SIZEOF__QUAD.c(31): error C2065: “_Quad”: 未声明的标识符
C:\Users\13973\Desktop\NuGrid\NuGrid\library\install_files\hdf5-1.10.7\out\build\x64-Debug\CMakeFiles\CheckTypeSize\H5_SIZEOF__QUAD.c(32): error C2065: “_Quad”: 未声明的标识符
C:\Users\13973\Desktop\NuGrid\NuGrid\library\install_files\hdf5-1.10.7\out\build\x64-Debug\CMakeFiles\CheckTypeSize\H5_SIZEOF__QUAD.c(33): error C2065: “_Quad”: 未声明的标识符
ninja: build stopped: subcommand failed.


C:/Users/13973/Desktop/NuGrid/NuGrid/library/install_files/hdf5-1.10.7/out/build/x64-Debug/CMakeFiles/CheckTypeSize/H5_SIZEOF__QUAD.c:
#include <sys/types.h>
#include <stdint.h>
#include <stddef.h>


#undef KEY
#if defined(__i386)
# define KEY '_','_','i','3','8','6'
#elif defined(__x86_64)
# define KEY '_','_','x','8','6','_','6','4'
#elif defined(__PPC64__)
# define KEY '_','_','P','P','C','6','4','_','_'
#elif defined(__ppc64__)
# define KEY '_','_','p','p','c','6','4','_','_'
#elif defined(__PPC__)
# define KEY '_','_','P','P','C','_','_'
#elif defined(__ppc__)
# define KEY '_','_','p','p','c','_','_'
#elif defined(__aarch64__)
# define KEY '_','_','a','a','r','c','h','6','4','_','_'
#elif defined(__ARM_ARCH_7A__)
# define KEY '_','_','A','R','M','_','A','R','C','H','_','7','A','_','_'
#elif defined(__ARM_ARCH_7S__)
# define KEY '_','_','A','R','M','_','A','R','C','H','_','7','S','_','_'
#endif

#define SIZE (sizeof(_Quad))
static char info_size[] =  {'I', 'N', 'F', 'O', ':', 's','i','z','e','[',
  ('0' + ((SIZE / 10000)%10)),
  ('0' + ((SIZE / 1000)%10)),
  ('0' + ((SIZE / 100)%10)),
  ('0' + ((SIZE / 10)%10)),
  ('0' +  (SIZE    % 10)),
  ']',
#ifdef KEY
  ' ','k','e','y','[', KEY, ']',
#endif
  '\0'};

#ifdef __CLASSIC_C__
int main(argc, argv) int argc; char *argv[];
#else
int main(int argc, char *argv[])
#endif
{
  int require = 0;
  require += info_size[argc];
  (void)argv;
  return require;
}


Test H5_LDOUBLE_TO_LONG_SPECIAL Run failed with the following output and exit code:
 Change Dir: C:/Users/13973/Desktop/NuGrid/NuGrid/library/install_files/hdf5-1.10.7/out/build/x64-Debug/CMakeFiles/CMakeTmp

Run Build Command(s):D:/Visual Studio/Common7/IDE/CommonExtensions/Microsoft/CMake/Ninja/ninja.exe cmTC_d6431 && [1/2] Building C object CMakeFiles\cmTC_d6431.dir\ConversionTests.c.obj
C:\Users\13973\Desktop\NuGrid\NuGrid\library\install_files\hdf5-1.10.7\config\cmake\ConversionTests.c(78): warning C4102: “done”: 未引用的标签
[2/2] Linking C executable cmTC_d6431.exe


Test H5_LONG_TO_LDOUBLE_SPECIAL Run failed with the following output and exit code:
 Change Dir: C:/Users/13973/Desktop/NuGrid/NuGrid/library/install_files/hdf5-1.10.7/out/build/x64-Debug/CMakeFiles/CMakeTmp

Run Build Command(s):D:/Visual Studio/Common7/IDE/CommonExtensions/Microsoft/CMake/Ninja/ninja.exe cmTC_71337 && [1/2] Building C object CMakeFiles\cmTC_71337.dir\ConversionTests.c.obj
C:\Users\13973\Desktop\NuGrid\NuGrid\library\install_files\hdf5-1.10.7\config\cmake\ConversionTests.c(108): warning C4305: “=”: 从“__int64”到“long”截断
C:\Users\13973\Desktop\NuGrid\NuGrid\library\install_files\hdf5-1.10.7\config\cmake\ConversionTests.c(141): warning C4102: “done”: 未引用的标签
[2/2] Linking C executable cmTC_71337.exe


Test H5_DISABLE_SOME_LDOUBLE_CONV Compile failed with the following output:
 Change Dir: C:/Users/13973/Desktop/NuGrid/NuGrid/library/install_files/hdf5-1.10.7/out/build/x64-Debug/CMakeFiles/CMakeTmp

Run Build Command(s):D:/Visual Studio/Common7/IDE/CommonExtensions/Microsoft/CMake/Ninja/ninja.exe cmTC_8d198 && [1/2] Building C object CMakeFiles\cmTC_8d198.dir\ConversionTests.c.obj
C:\Users\13973\Desktop\NuGrid\NuGrid\library\install_files\hdf5-1.10.7\config\cmake\ConversionTests.c(301): warning C4013: “popen”未定义；假设外部返回 int
C:\Users\13973\Desktop\NuGrid\NuGrid\library\install_files\hdf5-1.10.7\config\cmake\ConversionTests.c(301): warning C4047: “=”:“FILE *”与“int”的间接级别不同
C:\Users\13973\Desktop\NuGrid\NuGrid\library\install_files\hdf5-1.10.7\config\cmake\ConversionTests.c(305): warning C4013: “pclose”未定义；假设外部返回 int
[2/2] Linking C executable cmTC_8d198.exe
FAILED: cmTC_8d198.exe 
cmd.exe /C "cd . && "D:\Visual Studio\Common7\IDE\CommonExtensions\Microsoft\CMake\CMake\bin\cmake.exe" -E vs_link_exe --intdir=CMakeFiles\cmTC_8d198.dir --rc=C:\PROGRA~2\WI3CF2~1\10\bin\100190~1.0\x64\rc.exe --mt=C:\PROGRA~2\WI3CF2~1\10\bin\100190~1.0\x64\mt.exe --manifests  -- D:\VISUAL~1\VC\Tools\MSVC\1430~1.305\bin\Hostx64\x64\link.exe /nologo CMakeFiles\cmTC_8d198.dir\ConversionTests.c.obj  /out:cmTC_8d198.exe /implib:cmTC_8d198.lib /pdb:cmTC_8d198.pdb /version:0.0 /machine:x64  /debug /INCREMENTAL /subsystem:console  kernel32.lib user32.lib gdi32.lib winspool.lib shell32.lib ole32.lib oleaut32.lib uuid.lib comdlg32.lib advapi32.lib && cd ."
LINK Pass 1: command "D:\VISUAL~1\VC\Tools\MSVC\1430~1.305\bin\Hostx64\x64\link.exe /nologo CMakeFiles\cmTC_8d198.dir\ConversionTests.c.obj /out:cmTC_8d198.exe /implib:cmTC_8d198.lib /pdb:cmTC_8d198.pdb /version:0.0 /machine:x64 /debug /INCREMENTAL /subsystem:console kernel32.lib user32.lib gdi32.lib winspool.lib shell32.lib ole32.lib oleaut32.lib uuid.lib comdlg32.lib advapi32.lib /MANIFEST /MANIFESTFILE:CMakeFiles\cmTC_8d198.dir/intermediate.manifest CMakeFiles\cmTC_8d198.dir/manifest.res" failed (exit code 1120) with the following output:
ConversionTests.c.obj : error LNK2019: 无法解析的外部符号 popen，函数 main 中引用了该符号
ConversionTests.c.obj : error LNK2019: 无法解析的外部符号 pclose，函数 main 中引用了该符号
cmTC_8d198.exe : fatal error LNK1120: 2 个无法解析的外部命令
ninja: build stopped: subcommand failed.


Performing CXX Test OLD_HEADER_FILENAME failed with the following output:
Change Dir: C:/Users/13973/Desktop/NuGrid/NuGrid/library/install_files/hdf5-1.10.7/out/build/x64-Debug/CMakeFiles/CMakeTmp

Run Build Command(s):D:/Visual Studio/Common7/IDE/CommonExtensions/Microsoft/CMake/Ninja/ninja.exe cmTC_67451 && [1/2] Building CXX object CMakeFiles\cmTC_67451.dir\HDFCXXTests.cpp.obj
[2/2] Linking CXX executable cmTC_67451.exe


Performing CXX Test HDF_NO_NAMESPACE failed with the following output:
Change Dir: C:/Users/13973/Desktop/NuGrid/NuGrid/library/install_files/hdf5-1.10.7/out/build/x64-Debug/CMakeFiles/CMakeTmp

Run Build Command(s):D:/Visual Studio/Common7/IDE/CommonExtensions/Microsoft/CMake/Ninja/ninja.exe cmTC_54fb7 && [1/2] Building CXX object CMakeFiles\cmTC_54fb7.dir\HDFCXXTests.cpp.obj
[2/2] Linking CXX executable cmTC_54fb7.exe


Performing CXX Test HDF_NO_STD failed with the following output:
Change Dir: C:/Users/13973/Desktop/NuGrid/NuGrid/library/install_files/hdf5-1.10.7/out/build/x64-Debug/CMakeFiles/CMakeTmp

Run Build Command(s):D:/Visual Studio/Common7/IDE/CommonExtensions/Microsoft/CMake/Ninja/ninja.exe cmTC_c29f4 && [1/2] Building CXX object CMakeFiles\cmTC_c29f4.dir\HDFCXXTests.cpp.obj
[2/2] Linking CXX executable cmTC_c29f4.exe


Performing CXX Test BOOL_NOTDEFINED failed with the following output:
Change Dir: C:/Users/13973/Desktop/NuGrid/NuGrid/library/install_files/hdf5-1.10.7/out/build/x64-Debug/CMakeFiles/CMakeTmp

Run Build Command(s):D:/Visual Studio/Common7/IDE/CommonExtensions/Microsoft/CMake/Ninja/ninja.exe cmTC_7fa86 && [1/2] Building CXX object CMakeFiles\cmTC_7fa86.dir\HDFCXXTests.cpp.obj
[2/2] Linking CXX executable cmTC_7fa86.exe


Performing CXX Test NO_STATIC_CAST failed with the following output:
Change Dir: C:/Users/13973/Desktop/NuGrid/NuGrid/library/install_files/hdf5-1.10.7/out/build/x64-Debug/CMakeFiles/CMakeTmp

Run Build Command(s):D:/Visual Studio/Common7/IDE/CommonExtensions/Microsoft/CMake/Ninja/ninja.exe cmTC_0f4b3 && [1/2] Building CXX object CMakeFiles\cmTC_0f4b3.dir\HDFCXXTests.cpp.obj
[2/2] Linking CXX executable cmTC_0f4b3.exe


Performing CXX Test CXX_HAVE_OFFSETOF failed with the following output:
Change Dir: C:/Users/13973/Desktop/NuGrid/NuGrid/library/install_files/hdf5-1.10.7/out/build/x64-Debug/CMakeFiles/CMakeTmp

Run Build Command(s):D:/Visual Studio/Common7/IDE/CommonExtensions/Microsoft/CMake/Ninja/ninja.exe cmTC_effdc && [1/2] Building CXX object CMakeFiles\cmTC_effdc.dir\HDFCXXTests.cpp.obj
[2/2] Linking CXX executable cmTC_effdc.exe


